#
# A fatal error has been detected by the Java Runtime Environment:
#
#  EXCEPTION_ACCESS_VIOLATION (0xc0000005) at pc=0x0000017817fca081, pid=856, tid=6060
#
# JRE version: Java(TM) SE Runtime Environment (20.0.2+9) (build 20.0.2+9-78)
# Java VM: Java HotSpot(TM) 64-Bit Server VM (20.0.2+9-78, mixed mode, sharing, tiered, compressed oops, compressed class ptrs, g1 gc, windows-amd64)
# Problematic frame:
# v  ~DeoptimizationBlob 0x0000017817fca081
#
# No core dump will be written. Minidumps are not enabled by default on client versions of Windows
#
# If you would like to submit a bug report, please visit:
#   https://bugreport.java.com/bugreport/crash.jsp
# The crash happened outside the Java Virtual Machine in native code.
# See problematic frame for where to report the bug.
#

---------------  S U M M A R Y ------------

Command Line: -javaagent:C:\Program Files\JetBrains\IntelliJ IDEA Community Edition 2021.3\lib\idea_rt.jar=61304:C:\Program Files\JetBrains\IntelliJ IDEA Community Edition 2021.3\bin -Dfile.encoding=UTF-8 --module-path=C:\Users\Ololo\.m2\repository\org\openjfx\javafx-controls\18.0.1\javafx-controls-18.0.1-win.jar;C:\Users\Ololo\IdeaProjects\3sem\CGVSU-main\Task2\ProtoCurveFXApp\target\classes;C:\Users\Ololo\.m2\repository\org\openjfx\javafx-fxml\18.0.1\javafx-fxml-18.0.1-win.jar;C:\Users\Ololo\.m2\repository\org\openjfx\javafx-base\18.0.1\javafx-base-18.0.1-win.jar;C:\Users\Ololo\.m2\repository\org\openjfx\javafx-graphics\18.0.1\javafx-graphics-18.0.1-win.jar -Djdk.module.main=com.cgvsu.rasterizationfxapp com.cgvsu.rasterizationfxapp/com.cgvsu.protocurvefxapp.Main

Host: Intel(R) Core(TM) i3-9100F CPU @ 3.60GHz, 4 cores, 7G,  Windows 10 , 64 bit Build 10586 (10.0.10586.589)
Time: Thu Oct  3 20:56:23 2024 RTZ 2 (зима) elapsed time: 0.648996 seconds (0d 0h 0m 0s)

---------------  T H R E A D  ---------------

Current thread (0x000001786af9ca20):  JavaThread "Thread-1" daemon [_thread_in_native, id=6060, stack(0x000000311dd00000,0x000000311de00000)]

Stack: [0x000000311dd00000,0x000000311de00000],  sp=0x000000311ddfec58,  free space=1019k
Native frames: (J=compiled Java code, j=interpreted, Vv=VM code, C=native code)
C  0x0000017817fca081


siginfo: EXCEPTION_ACCESS_VIOLATION (0xc0000005), reading address 0xffffffffffffffff


Registers:
RAX=0x0000017810b85990, RBX=0x000001786aeb0ce0, RCX=0x000001786aeb0ce0, RDX=0x000001786af9cce0
RSP=0x000000311ddfec58, RBP=0x000000311ddff768, RSI=0x0000000000000010, RDI=0x00007ff839f9ec50
R8 =0x0000000000000001, R9 =0x0000000000000001, R10=0x0000017810b86b0c, R11=0x000000311ddff730
R12=0x000000007ffe000c, R13=0x000000007ffe0008, R14=0x0000000000000000, R15=0x0000000000000000
RIP=0x0000017817fca081, EFLAGS=0x0000000000010202


Register to memory mapping:

RIP=0x0000017817fca081 is at code_begin+97 in 
[CodeBlob (0x0000017817fc9f90)]
Framesize: 360
DeoptimizationBlob
--------------------------------------------------------------------------------
Decoding CodeBlob, name: DeoptimizationBlob, at  [0x0000017817fca020, 0x0000017817fca540]  1312 bytes
[MachCode]
  0x0000017817fca020: 5548 8bec | 9c48 83ec | 0848 81ec | 8000 0000 | 4889 4424 | 7848 894c | 2470 4889 | 5424 6848 
  0x0000017817fca040: 895c 2460 | 4889 6c24 | 5048 8974 | 2448 4889 | 7c24 404c | 8944 2438 | 4c89 4c24 | 304c 8954 
  0x0000017817fca060: 2428 4c89 | 5c24 204c | 8964 2418 | 4c89 6c24 | 104c 8974 | 2408 4c89 | 3c24 4881 | ec80 0a00 
  0x0000017817fca080: 0048 0fae | 0424 c4e3 | 7d19 8424 | 4002 0000 | 01c4 e37d | 198c 2450 | 0200 0001 | c4e3 7d19 
  0x0000017817fca0a0: 9424 6002 | 0000 01c4 | e37d 199c | 2470 0200 | 0001 c4e3 | 7d19 a424 | 8002 0000 | 01c4 e37d 
  0x0000017817fca0c0: 19ac 2490 | 0200 0001 | c4e3 7d19 | b424 a002 | 0000 01c4 | e37d 19bc | 24b0 0200 | 0001 c463 
  0x0000017817fca0e0: 7d19 8424 | c002 0000 | 01c4 637d | 198c 24d0 | 0200 0001 | c463 7d19 | 9424 e002 | 0000 01c4 
  0x0000017817fca100: 637d 199c | 24f0 0200 | 0001 c463 | 7d19 a424 | 0003 0000 | 01c4 637d | 19ac 2410 | 0300 0001 
  0x0000017817fca120: c463 7d19 | b424 2003 | 0000 01c4 | 637d 19bc | 2430 0300 | 0001 c5f8 | 7748 83ec | 2041 be00 
  0x0000017817fca140: 0000 00e9 | 7402 0000 | 5548 8bec | 9c48 83ec | 0848 81ec | 8000 0000 | 4889 4424 | 7848 894c 
  0x0000017817fca160: 2470 4889 | 5424 6848 | 895c 2460 | 4889 6c24 | 5048 8974 | 2448 4889 | 7c24 404c | 8944 2438 
  0x0000017817fca180: 4c89 4c24 | 304c 8954 | 2428 4c89 | 5c24 204c | 8964 2418 | 4c89 6c24 | 104c 8974 | 2408 4c89 
  0x0000017817fca1a0: 3c24 4881 | ec80 0a00 | 0048 0fae | 0424 c4e3 | 7d19 8424 | 4002 0000 | 01c4 e37d | 198c 2450 
  0x0000017817fca1c0: 0200 0001 | c4e3 7d19 | 9424 6002 | 0000 01c4 | e37d 199c | 2470 0200 | 0001 c4e3 | 7d19 a424 
  0x0000017817fca1e0: 8002 0000 | 01c4 e37d | 19ac 2490 | 0200 0001 | c4e3 7d19 | b424 a002 | 0000 01c4 | e37d 19bc 
  0x0000017817fca200: 24b0 0200 | 0001 c463 | 7d19 8424 | c002 0000 | 01c4 637d | 198c 24d0 | 0200 0001 | c463 7d19 
  0x0000017817fca220: 9424 e002 | 0000 01c4 | 637d 199c | 24f0 0200 | 0001 c463 | 7d19 a424 | 0003 0000 | 01c4 637d 
  0x0000017817fca240: 19ac 2410 | 0300 0001 | c463 7d19 | b424 2003 | 0000 01c4 | 637d 19bc | 2430 0300 | 0001 c5f8 
  0x0000017817fca260: 7748 83ec | 2041 be03 | 0000 00e9 | 4c01 0000 | 4989 9730 | 0400 0049 | 8987 2804 | 0000 6800 
  0x0000017817fca280: 0000 0055 | 488b ec9c | 4883 ec08 | 4881 ec80 | 0000 0048 | 8944 2478 | 4889 4c24 | 7048 8954 
  0x0000017817fca2a0: 2468 4889 | 5c24 6048 | 896c 2450 | 4889 7424 | 4848 897c | 2440 4c89 | 4424 384c | 894c 2430 
  0x0000017817fca2c0: 4c89 5424 | 284c 895c | 2420 4c89 | 6424 184c | 896c 2410 | 4c89 7424 | 084c 893c | 2448 81ec 
  0x0000017817fca2e0: 800a 0000 | 480f ae04 | 24c4 e37d | 1984 2440 | 0200 0001 | c4e3 7d19 | 8c24 5002 | 0000 01c4 
  0x0000017817fca300: e37d 1994 | 2460 0200 | 0001 c4e3 | 7d19 9c24 | 7002 0000 | 01c4 e37d | 19a4 2480 | 0200 0001 
  0x0000017817fca320: c4e3 7d19 | ac24 9002 | 0000 01c4 | e37d 19b4 | 24a0 0200 | 0001 c4e3 | 7d19 bc24 | b002 0000 
  0x0000017817fca340: 01c4 637d | 1984 24c0 | 0200 0001 | c463 7d19 | 8c24 d002 | 0000 01c4 | 637d 1994 | 24e0 0200 
  0x0000017817fca360: 0001 c463 | 7d19 9c24 | f002 0000 | 01c4 637d | 19a4 2400 | 0300 0001 | c463 7d19 | ac24 1003 
  0x0000017817fca380: 0000 01c4 | 637d 19b4 | 2420 0300 | 0001 c463 | 7d19 bc24 | 3003 0000 | 01c5 f877 | 4883 ec20 
  0x0000017817fca3a0: 41be 0100 | 0000 498b | 9730 0400 | 0048 8955 | 0849 c787 | 3004 0000 | 0000 0000 | c5f8 7749 
  0x0000017817fca3c0: 89a7 c002 | 0000 498b | cf41 8bd6 | 48b8 a0f1 | 9b04 f87f | 0000 ffd0 | 49c7 87c0 | 0200 0000 
  0x0000017817fca3e0: 0000 0049 | c787 c802 | 0000 0000 | 0000 c5f8 | 7748 8bf8 | 448b 773c | 4183 fe01 | 0f85 3400 
  0x0000017817fca400: 0000 498b | 8728 0400 | 0049 8b97 | 3004 0000 | 49c7 8728 | 0400 0000 | 0000 0049 | c787 3004 
  0x0000017817fca420: 0000 0000 | 0000 4889 | 8424 180b | 0000 4889 | 9424 080b | 0000 c5fb | 1084 24c0 | 0000 0048 
  0x0000017817fca440: 8b84 2418 | 0b00 0048 | 8b94 2408 | 0b00 0048 | 81c4 380b | 0000 8b0f | 4803 e148 | 8b6f 3048 
  0x0000017817fca460: 8b4f 1848 | 83c4 0848 | 8b77 108b | 5708 4c8b | c48b 5f04 | 482b e348 | 8b1e 4883 | eb10 48ff 
  0x0000017817fca480: 3155 488b | ec48 2be3 | 48c7 45f0 | 0000 0000 | 4c89 45f8 | 4c8b c448 | 83c6 0848 | 83c1 08ff 
  0x0000017817fca4a0: ca75 d448 | ff31 5548 | 8bec 4881 | ec30 0b00 | 00c5 fb11 | 8424 c000 | 0000 4889 | 8424 180b 
  0x0000017817fca4c0: 0000 c5f8 | 7749 89af | d002 0000 | 49ba c2a4 | fc17 7801 | 0000 4d89 | 97c8 0200 | 0049 89a7 
  0x0000017817fca4e0: c002 0000 | 4883 e4f0 | 498b cf41 | 8bd6 48b8 | b03a 9c04 | f87f 0000 | ffd0 498b | a7c0 0200 
  0x0000017817fca500: 0049 c787 | c002 0000 | 0000 0000 | 49c7 87d0 | 0200 0000 | 0000 0049 | c787 c802 | 0000 0000 
  0x0000017817fca520: 0000 c5f8 | 77c5 fb10 | 8424 c000 | 0000 488b | 8424 180b | 0000 488b | 9424 080b | 0000 c9c3 
[/MachCode]
--------------------------------------------------------------------------------
RAX=0x0000017810b85990 is at entry_point+-720 in (nmethod*)0x0000017810b85990
Compiled method (c1)     665  898       3       java.lang.invoke.DirectMethodHandle::preparedLambdaForm (244 bytes)
 total in heap  [0x0000017810b85990,0x0000017810b87100] = 6000
 relocation     [0x0000017810b85ad8,0x0000017810b85c50] = 376
 main code      [0x0000017810b85c60,0x0000017810b86ab8] = 3672
 stub code      [0x0000017810b86ab8,0x0000017810b86b88] = 208
 metadata       [0x0000017810b86b88,0x0000017810b86bd8] = 80
 scopes data    [0x0000017810b86bd8,0x0000017810b86de8] = 528
 scopes pcs     [0x0000017810b86de8,0x0000017810b87078] = 656
 dependencies   [0x0000017810b87078,0x0000017810b87088] = 16
 nul chk table  [0x0000017810b87088,0x0000017810b87100] = 120
RBX=0x000001786aeb0ce0 points into unknown readable memory: 0x0000017810b85990 | 90 59 b8 10 78 01 00 00
RCX=0x000001786aeb0ce0 points into unknown readable memory: 0x0000017810b85990 | 90 59 b8 10 78 01 00 00
RDX=0x000001786af9cce0 points into unknown readable memory: 0x0000000000000000 | 00 00 00 00 00 00 00 00
RSP=0x000000311ddfec58 is pointing into the stack for thread: 0x000001786af9ca20
RBP=0x000000311ddff768 is pointing into the stack for thread: 0x000001786af9ca20
RSI=0x0000000000000010 is an unknown value
RDI=0x00007ff839f9ec50 glass.dll
R8 =0x0000000000000001 is an unknown value
R9 =0x0000000000000001 is an unknown value
R10=0x0000017810b86b0c is at entry_point+3756 in (nmethod*)0x0000017810b85990
Compiled method (c1)     679  898       3       java.lang.invoke.DirectMethodHandle::preparedLambdaForm (244 bytes)
 total in heap  [0x0000017810b85990,0x0000017810b87100] = 6000
 relocation     [0x0000017810b85ad8,0x0000017810b85c50] = 376
 main code      [0x0000017810b85c60,0x0000017810b86ab8] = 3672
 stub code      [0x0000017810b86ab8,0x0000017810b86b88] = 208
 metadata       [0x0000017810b86b88,0x0000017810b86bd8] = 80
 scopes data    [0x0000017810b86bd8,0x0000017810b86de8] = 528
 scopes pcs     [0x0000017810b86de8,0x0000017810b87078] = 656
 dependencies   [0x0000017810b87078,0x0000017810b87088] = 16
 nul chk table  [0x0000017810b87088,0x0000017810b87100] = 120
R11=0x000000311ddff730 is pointing into the stack for thread: 0x000001786af9ca20
R12=0x000000007ffe000c points into unknown readable memory: 0f 01 00 00
R13=0x000000007ffe0008 points into unknown readable memory: 0x0000010f13adca3a | 3a ca ad 13 0f 01 00 00
R14=0x0 is NULL
R15=0x0 is NULL


Top of Stack: (sp=0x000000311ddfec58)
0x000000311ddfec58:   00007ff804ad2202 00000178660730c5
0x000000311ddfec68:   000000311ddfed20 0000017866074000
0x000000311ddfec78:   000001786af9ca20 0000878f389b3199
0x000000311ddfec88:   00007ff804cee391 00000178660730fc
0x000000311ddfec98:   000001786af9ca00 0000000000000000
0x000000311ddfeca8:   0000000000000001 00000000000000b2
0x000000311ddfecb8:   000000311ddfee19 000001786af9ca20
0x000000311ddfecc8:   00007ff804cf08b2 000001786af9ca20
0x000000311ddfecd8:   000000311ddfee19 000000311ddfeda0
0x000000311ddfece8:   00007ff8049af3f4 000001786af9ca20
0x000000311ddfecf8:   000000311ddfee30 000001782509b7f8
0x000000311ddfed08:   0000017825086680 0000017825c16420
0x000000311ddfed18:   00007ff804e65279 0000017866073128
0x000000311ddfed28:   000001786af9ca20 0000017824090101
0x000000311ddfed38:   0000000000000000 000001786af9ca00
0x000000311ddfed48:   00007ff804b0c26e 000001786af9ca20
0x000000311ddfed58:   000001786af9ca20 0000017824c1b910
0x000000311ddfed68:   000001786af9ca20 0000017800000003
0x000000311ddfed78:   000001780000008b 0000017800000001
0x000000311ddfed88:   000001786af9ca00 000000311ddff000
0x000000311ddfed98:   0000017817f8e79d 000000030000000a
0x000000311ddfeda8:   0000017866074000 000001786af9ca20
0x000000311ddfedb8:   0000017866073128 000001786af9ca20
0x000000311ddfedc8:   0000017866074000 000001786af9ca20
0x000000311ddfedd8:   000000311ddff080 0000017817f8c7b9
0x000000311ddfede8:   0000017817f7d810 0000000000000000
0x000000311ddfedf8:   0000000000000000 000000311ddff0d8
0x000000311ddfee08:   000000311ddff080 000000311ddff080
0x000000311ddfee18:   0000017817f8c7b9 0000017817f7d810
0x000000311ddfee28:   0000000000000000 0000000000000000
0x000000311ddfee38:   000000311ddff0d8 000000311ddff080
0x000000311ddfee48:   0000017817f7d810 000000311ddff0e8 

Instructions: (pc=0x0000017817fca081)
0x0000017817fc9f81:   00 00 00 00 00 00 00 01 24 a0 02 00 00 01 c4 78
0x0000017817fc9f91:   37 09 05 f8 7f 00 00 20 a0 fc 17 78 01 00 00 40
0x0000017817fc9fa1:   a5 fc 17 78 01 00 00 20 a0 fc 17 78 01 00 00 40
0x0000017817fc9fb1:   a5 fc 17 78 01 00 00 08 a0 fc 17 78 01 00 00 18
0x0000017817fc9fc1:   a0 fc 17 78 01 00 00 50 2d ac 24 78 01 00 00 68
0x0000017817fc9fd1:   3c 09 05 f8 7f 00 00 b0 05 00 00 78 00 00 00 ff
0x0000017817fc9fe1:   ff ff ff b0 05 00 00 68 01 00 00 00 00 00 00 00
0x0000017817fc9ff1:   00 00 00 50 02 00 00 28 01 00 00 5e 02 00 00 3c
0x0000017817fca001:   24 4c 8b 74 24 08 4c ff 01 ad 31 0a 78 00 41 22
0x0000017817fca011:   30 00 00 00 00 00 00 54 24 28 4c 8b 4c 24 30 55
0x0000017817fca021:   48 8b ec 9c 48 83 ec 08 48 81 ec 80 00 00 00 48
0x0000017817fca031:   89 44 24 78 48 89 4c 24 70 48 89 54 24 68 48 89
0x0000017817fca041:   5c 24 60 48 89 6c 24 50 48 89 74 24 48 48 89 7c
0x0000017817fca051:   24 40 4c 89 44 24 38 4c 89 4c 24 30 4c 89 54 24
0x0000017817fca061:   28 4c 89 5c 24 20 4c 89 64 24 18 4c 89 6c 24 10
0x0000017817fca071:   4c 89 74 24 08 4c 89 3c 24 48 81 ec 80 0a 00 00
0x0000017817fca081:   48 0f ae 04 24 c4 e3 7d 19 84 24 40 02 00 00 01
0x0000017817fca091:   c4 e3 7d 19 8c 24 50 02 00 00 01 c4 e3 7d 19 94
0x0000017817fca0a1:   24 60 02 00 00 01 c4 e3 7d 19 9c 24 70 02 00 00
0x0000017817fca0b1:   01 c4 e3 7d 19 a4 24 80 02 00 00 01 c4 e3 7d 19
0x0000017817fca0c1:   ac 24 90 02 00 00 01 c4 e3 7d 19 b4 24 a0 02 00
0x0000017817fca0d1:   00 01 c4 e3 7d 19 bc 24 b0 02 00 00 01 c4 63 7d
0x0000017817fca0e1:   19 84 24 c0 02 00 00 01 c4 63 7d 19 8c 24 d0 02
0x0000017817fca0f1:   00 00 01 c4 63 7d 19 94 24 e0 02 00 00 01 c4 63
0x0000017817fca101:   7d 19 9c 24 f0 02 00 00 01 c4 63 7d 19 a4 24 00
0x0000017817fca111:   03 00 00 01 c4 63 7d 19 ac 24 10 03 00 00 01 c4
0x0000017817fca121:   63 7d 19 b4 24 20 03 00 00 01 c4 63 7d 19 bc 24
0x0000017817fca131:   30 03 00 00 01 c5 f8 77 48 83 ec 20 41 be 00 00
0x0000017817fca141:   00 00 e9 74 02 00 00 55 48 8b ec 9c 48 83 ec 08
0x0000017817fca151:   48 81 ec 80 00 00 00 48 89 44 24 78 48 89 4c 24
0x0000017817fca161:   70 48 89 54 24 68 48 89 5c 24 60 48 89 6c 24 50
0x0000017817fca171:   48 89 74 24 48 48 89 7c 24 40 4c 89 44 24 38 4c 


Stack slot to memory mapping:
stack at sp + 0 slots: 0x00007ff804ad2202 jvm.dll
stack at sp + 1 slots: 0x00000178660730c5 is pointing into metadata
stack at sp + 2 slots: 0x000000311ddfed20 is pointing into the stack for thread: 0x000001786af9ca20
stack at sp + 3 slots: 0x0000017866074000 is pointing into metadata
stack at sp + 4 slots: 0x000001786af9ca20 is a thread
stack at sp + 5 slots: 0x0000878f389b3199 is an unknown value
stack at sp + 6 slots: 0x00007ff804cee391 jvm.dll
stack at sp + 7 slots: 0x00000178660730fc is pointing into metadata

--------------------------------------------------------------------------------
Decoding CodeBlob, name: DeoptimizationBlob, at  [0x0000017817fca020, 0x0000017817fca540]  1312 bytes
[MachCode]
  0x0000017817fca020: 5548 8bec | 9c48 83ec | 0848 81ec | 8000 0000 | 4889 4424 | 7848 894c | 2470 4889 | 5424 6848 
  0x0000017817fca040: 895c 2460 | 4889 6c24 | 5048 8974 | 2448 4889 | 7c24 404c | 8944 2438 | 4c89 4c24 | 304c 8954 
  0x0000017817fca060: 2428 4c89 | 5c24 204c | 8964 2418 | 4c89 6c24 | 104c 8974 | 2408 4c89 | 3c24 4881 | ec80 0a00 
  0x0000017817fca080: 0048 0fae | 0424 c4e3 | 7d19 8424 | 4002 0000 | 01c4 e37d | 198c 2450 | 0200 0001 | c4e3 7d19 
  0x0000017817fca0a0: 9424 6002 | 0000 01c4 | e37d 199c | 2470 0200 | 0001 c4e3 | 7d19 a424 | 8002 0000 | 01c4 e37d 
  0x0000017817fca0c0: 19ac 2490 | 0200 0001 | c4e3 7d19 | b424 a002 | 0000 01c4 | e37d 19bc | 24b0 0200 | 0001 c463 
  0x0000017817fca0e0: 7d19 8424 | c002 0000 | 01c4 637d | 198c 24d0 | 0200 0001 | c463 7d19 | 9424 e002 | 0000 01c4 
  0x0000017817fca100: 637d 199c | 24f0 0200 | 0001 c463 | 7d19 a424 | 0003 0000 | 01c4 637d | 19ac 2410 | 0300 0001 
  0x0000017817fca120: c463 7d19 | b424 2003 | 0000 01c4 | 637d 19bc | 2430 0300 | 0001 c5f8 | 7748 83ec | 2041 be00 
  0x0000017817fca140: 0000 00e9 | 7402 0000 | 5548 8bec | 9c48 83ec | 0848 81ec | 8000 0000 | 4889 4424 | 7848 894c 
  0x0000017817fca160: 2470 4889 | 5424 6848 | 895c 2460 | 4889 6c24 | 5048 8974 | 2448 4889 | 7c24 404c | 8944 2438 
  0x0000017817fca180: 4c89 4c24 | 304c 8954 | 2428 4c89 | 5c24 204c | 8964 2418 | 4c89 6c24 | 104c 8974 | 2408 4c89 
  0x0000017817fca1a0: 3c24 4881 | ec80 0a00 | 0048 0fae | 0424 c4e3 | 7d19 8424 | 4002 0000 | 01c4 e37d | 198c 2450 
  0x0000017817fca1c0: 0200 0001 | c4e3 7d19 | 9424 6002 | 0000 01c4 | e37d 199c | 2470 0200 | 0001 c4e3 | 7d19 a424 
  0x0000017817fca1e0: 8002 0000 | 01c4 e37d | 19ac 2490 | 0200 0001 | c4e3 7d19 | b424 a002 | 0000 01c4 | e37d 19bc 
  0x0000017817fca200: 24b0 0200 | 0001 c463 | 7d19 8424 | c002 0000 | 01c4 637d | 198c 24d0 | 0200 0001 | c463 7d19 
  0x0000017817fca220: 9424 e002 | 0000 01c4 | 637d 199c | 24f0 0200 | 0001 c463 | 7d19 a424 | 0003 0000 | 01c4 637d 
  0x0000017817fca240: 19ac 2410 | 0300 0001 | c463 7d19 | b424 2003 | 0000 01c4 | 637d 19bc | 2430 0300 | 0001 c5f8 
  0x0000017817fca260: 7748 83ec | 2041 be03 | 0000 00e9 | 4c01 0000 | 4989 9730 | 0400 0049 | 8987 2804 | 0000 6800 
  0x0000017817fca280: 0000 0055 | 488b ec9c | 4883 ec08 | 4881 ec80 | 0000 0048 | 8944 2478 | 4889 4c24 | 7048 8954 
  0x0000017817fca2a0: 2468 4889 | 5c24 6048 | 896c 2450 | 4889 7424 | 4848 897c | 2440 4c89 | 4424 384c | 894c 2430 
  0x0000017817fca2c0: 4c89 5424 | 284c 895c | 2420 4c89 | 6424 184c | 896c 2410 | 4c89 7424 | 084c 893c | 2448 81ec 
  0x0000017817fca2e0: 800a 0000 | 480f ae04 | 24c4 e37d | 1984 2440 | 0200 0001 | c4e3 7d19 | 8c24 5002 | 0000 01c4 
  0x0000017817fca300: e37d 1994 | 2460 0200 | 0001 c4e3 | 7d19 9c24 | 7002 0000 | 01c4 e37d | 19a4 2480 | 0200 0001 
  0x0000017817fca320: c4e3 7d19 | ac24 9002 | 0000 01c4 | e37d 19b4 | 24a0 0200 | 0001 c4e3 | 7d19 bc24 | b002 0000 
  0x0000017817fca340: 01c4 637d | 1984 24c0 | 0200 0001 | c463 7d19 | 8c24 d002 | 0000 01c4 | 637d 1994 | 24e0 0200 
  0x0000017817fca360: 0001 c463 | 7d19 9c24 | f002 0000 | 01c4 637d | 19a4 2400 | 0300 0001 | c463 7d19 | ac24 1003 
  0x0000017817fca380: 0000 01c4 | 637d 19b4 | 2420 0300 | 0001 c463 | 7d19 bc24 | 3003 0000 | 01c5 f877 | 4883 ec20 
  0x0000017817fca3a0: 41be 0100 | 0000 498b | 9730 0400 | 0048 8955 | 0849 c787 | 3004 0000 | 0000 0000 | c5f8 7749 
  0x0000017817fca3c0: 89a7 c002 | 0000 498b | cf41 8bd6 | 48b8 a0f1 | 9b04 f87f | 0000 ffd0 | 49c7 87c0 | 0200 0000 
  0x0000017817fca3e0: 0000 0049 | c787 c802 | 0000 0000 | 0000 c5f8 | 7748 8bf8 | 448b 773c | 4183 fe01 | 0f85 3400 
  0x0000017817fca400: 0000 498b | 8728 0400 | 0049 8b97 | 3004 0000 | 49c7 8728 | 0400 0000 | 0000 0049 | c787 3004 
  0x0000017817fca420: 0000 0000 | 0000 4889 | 8424 180b | 0000 4889 | 9424 080b | 0000 c5fb | 1084 24c0 | 0000 0048 
  0x0000017817fca440: 8b84 2418 | 0b00 0048 | 8b94 2408 | 0b00 0048 | 81c4 380b | 0000 8b0f | 4803 e148 | 8b6f 3048 
  0x0000017817fca460: 8b4f 1848 | 83c4 0848 | 8b77 108b | 5708 4c8b | c48b 5f04 | 482b e348 | 8b1e 4883 | eb10 48ff 
  0x0000017817fca480: 3155 488b | ec48 2be3 | 48c7 45f0 | 0000 0000 | 4c89 45f8 | 4c8b c448 | 83c6 0848 | 83c1 08ff 
  0x0000017817fca4a0: ca75 d448 | ff31 5548 | 8bec 4881 | ec30 0b00 | 00c5 fb11 | 8424 c000 | 0000 4889 | 8424 180b 
  0x0000017817fca4c0: 0000 c5f8 | 7749 89af | d002 0000 | 49ba c2a4 | fc17 7801 | 0000 4d89 | 97c8 0200 | 0049 89a7 
  0x0000017817fca4e0: c002 0000 | 4883 e4f0 | 498b cf41 | 8bd6 48b8 | b03a 9c04 | f87f 0000 | ffd0 498b | a7c0 0200 
  0x0000017817fca500: 0049 c787 | c002 0000 | 0000 0000 | 49c7 87d0 | 0200 0000 | 0000 0049 | c787 c802 | 0000 0000 
  0x0000017817fca520: 0000 c5f8 | 77c5 fb10 | 8424 c000 | 0000 488b | 8424 180b | 0000 488b | 9424 080b | 0000 c9c3 
[/MachCode]
--------------------------------------------------------------------------------


---------------  P R O C E S S  ---------------

Threads class SMR info:
_java_thread_list=0x000001786af40a10, length=15, elements={
0x000001780897e750, 0x0000017824af0410, 0x0000017824af1210, 0x0000017824af4e30,
0x0000017824af68e0, 0x0000017824af7220, 0x0000017824af7b60, 0x0000017824af87d0,
0x0000017869d20020, 0x0000017869d7fae0, 0x0000017869edf580, 0x000001786a07be20,
0x0000017869fb4390, 0x000001786a8a1310, 0x000001786af9ca20
}

Java Threads: ( => current thread )
  0x000001780897e750 JavaThread "main" [_thread_blocked, id=504, stack(0x000000311c100000,0x000000311c200000)]
  0x0000017824af0410 JavaThread "Reference Handler" daemon [_thread_blocked, id=9864, stack(0x000000311c800000,0x000000311c900000)]
  0x0000017824af1210 JavaThread "Finalizer" daemon [_thread_blocked, id=5436, stack(0x000000311c900000,0x000000311ca00000)]
  0x0000017824af4e30 JavaThread "Signal Dispatcher" daemon [_thread_blocked, id=12664, stack(0x000000311ca00000,0x000000311cb00000)]
  0x0000017824af68e0 JavaThread "Attach Listener" daemon [_thread_blocked, id=14300, stack(0x000000311cb00000,0x000000311cc00000)]
  0x0000017824af7220 JavaThread "Service Thread" daemon [_thread_blocked, id=12248, stack(0x000000311cc00000,0x000000311cd00000)]
  0x0000017824af7b60 JavaThread "Monitor Deflation Thread" daemon [_thread_blocked, id=13300, stack(0x000000311cd00000,0x000000311ce00000)]
  0x0000017824af87d0 JavaThread "C2 CompilerThread0" daemon [_thread_blocked, id=4828, stack(0x000000311ce00000,0x000000311cf00000)]
  0x0000017869d20020 JavaThread "C1 CompilerThread0" daemon [_thread_blocked, id=2008, stack(0x000000311cf00000,0x000000311d000000)]
  0x0000017869d7fae0 JavaThread "Common-Cleaner" daemon [_thread_blocked, id=5652, stack(0x000000311d000000,0x000000311d100000)]
  0x0000017869edf580 JavaThread "C2 CompilerThread1" daemon [_thread_blocked, id=13112, stack(0x000000311d100000,0x000000311d200000)]
  0x000001786a07be20 JavaThread "Monitor Ctrl-Break" daemon [_thread_in_native, id=3300, stack(0x000000311d200000,0x000000311d300000)]
  0x0000017869fb4390 JavaThread "Notification Thread" daemon [_thread_blocked, id=7184, stack(0x000000311d300000,0x000000311d400000)]
  0x000001786a8a1310 JavaThread "InvokeLaterDispatcher" daemon [_thread_blocked, id=8868, stack(0x000000311da00000,0x000000311db00000)]
=>0x000001786af9ca20 JavaThread "Thread-1" daemon [_thread_in_native, id=6060, stack(0x000000311dd00000,0x000000311de00000)]

Other Threads:
  0x0000017824adb2e0 VMThread "VM Thread" [stack: 0x000000311c700000,0x000000311c800000] [id=14004]
  0x0000017869ef2da0 WatcherThread "VM Periodic Task Thread" [stack: 0x000000311d400000,0x000000311d500000] [id=6376]
  0x00000178089dd3a0 WorkerThread "GC Thread#0" [stack: 0x000000311c200000,0x000000311c300000] [id=10100]
  0x000001786a3a4b90 WorkerThread "GC Thread#1" [stack: 0x000000311d500000,0x000000311d600000] [id=5720]
  0x0000017869f93800 WorkerThread "GC Thread#2" [stack: 0x000000311d600000,0x000000311d700000] [id=11416]
  0x000001786a7fe4b0 WorkerThread "GC Thread#3" [stack: 0x000000311d700000,0x000000311d800000] [id=2084]
  0x00000178089ee130 ConcurrentGCThread "G1 Main Marker" [stack: 0x000000311c300000,0x000000311c400000] [id=5492]
  0x00000178089eeb60 WorkerThread "G1 Conc#0" [stack: 0x000000311c400000,0x000000311c500000] [id=12480]
  0x0000017808a1ea00 ConcurrentGCThread "G1 Refine#0" [stack: 0x000000311c500000,0x000000311c600000] [id=13976]
  0x000001782498a6d0 ConcurrentGCThread "G1 Service" [stack: 0x000000311c600000,0x000000311c700000] [id=3744]

Threads with active compile tasks:

VM state: not at safepoint (normal execution)

VM Mutex/Monitor currently owned by a thread: None

Heap address: 0x0000000080c00000, size: 2036 MB, Compressed Oops mode: 32-bit

CDS archive(s) mapped at: [0x0000017824c00000-0x0000017825860000-0x0000017825860000), size 12976128, SharedBaseAddress: 0x0000017824c00000, ArchiveRelocationMode: 1.
Compressed class space mapped at: 0x0000017825c00000-0x0000017865c00000, reserved size: 1073741824
Narrow klass base: 0x0000017824c00000, Narrow klass shift: 0, Narrow klass range: 0x100000000

GC Precious Log:
 CardTable entry size: 512
 Card Set container configuration: InlinePtr #cards 5 size 8 Array Of Cards #cards 12 size 40 Howl #buckets 4 coarsen threshold 1843 Howl Bitmap #cards 512 size 80 coarsen threshold 460 Card regions per heap region 1 cards per card region 2048
 CPUs: 4 total, 4 available
 Memory: 8140M
 Large Page Support: Disabled
 NUMA Support: Disabled
 Compressed Oops: Enabled (32-bit)
 Heap Region Size: 1M
 Heap Min Capacity: 8M
 Heap Initial Capacity: 128M
 Heap Max Capacity: 2036M
 Pre-touch: Disabled
 Parallel Workers: 4
 Concurrent Workers: 1
 Concurrent Refinement Workers: 4
 Periodic GC: Disabled

Heap:
 garbage-first heap   total 131072K, used 10039K [0x0000000080c00000, 0x0000000100000000)
  region size 1024K, 11 young (11264K), 2 survivors (2048K)
 Metaspace       used 6085K, committed 6272K, reserved 1114112K
  class space    used 697K, committed 768K, reserved 1048576K

Heap Regions: E=young(eden), S=young(survivor), O=old, HS=humongous(starts), HC=humongous(continues), CS=collection set, F=free, OA=open archive, CA=closed archive, TAMS=top-at-mark-start, PB=parsable bottom
|   0|0x0000000080c00000, 0x0000000080c00000, 0x0000000080d00000|  0%| F|  |TAMS 0x0000000080c00000| PB 0x0000000080c00000| Untracked 
|   1|0x0000000080d00000, 0x0000000080d00000, 0x0000000080e00000|  0%| F|  |TAMS 0x0000000080d00000| PB 0x0000000080d00000| Untracked 
|   2|0x0000000080e00000, 0x0000000080e00000, 0x0000000080f00000|  0%| F|  |TAMS 0x0000000080e00000| PB 0x0000000080e00000| Untracked 
|   3|0x0000000080f00000, 0x0000000080f00000, 0x0000000081000000|  0%| F|  |TAMS 0x0000000080f00000| PB 0x0000000080f00000| Untracked 
|   4|0x0000000081000000, 0x0000000081000000, 0x0000000081100000|  0%| F|  |TAMS 0x0000000081000000| PB 0x0000000081000000| Untracked 
|   5|0x0000000081100000, 0x0000000081100000, 0x0000000081200000|  0%| F|  |TAMS 0x0000000081100000| PB 0x0000000081100000| Untracked 
|   6|0x0000000081200000, 0x0000000081200000, 0x0000000081300000|  0%| F|  |TAMS 0x0000000081200000| PB 0x0000000081200000| Untracked 
|   7|0x0000000081300000, 0x0000000081300000, 0x0000000081400000|  0%| F|  |TAMS 0x0000000081300000| PB 0x0000000081300000| Untracked 
|   8|0x0000000081400000, 0x0000000081400000, 0x0000000081500000|  0%| F|  |TAMS 0x0000000081400000| PB 0x0000000081400000| Untracked 
|   9|0x0000000081500000, 0x0000000081500000, 0x0000000081600000|  0%| F|  |TAMS 0x0000000081500000| PB 0x0000000081500000| Untracked 
|  10|0x0000000081600000, 0x0000000081600000, 0x0000000081700000|  0%| F|  |TAMS 0x0000000081600000| PB 0x0000000081600000| Untracked 
|  11|0x0000000081700000, 0x0000000081700000, 0x0000000081800000|  0%| F|  |TAMS 0x0000000081700000| PB 0x0000000081700000| Untracked 
|  12|0x0000000081800000, 0x0000000081800000, 0x0000000081900000|  0%| F|  |TAMS 0x0000000081800000| PB 0x0000000081800000| Untracked 
|  13|0x0000000081900000, 0x0000000081900000, 0x0000000081a00000|  0%| F|  |TAMS 0x0000000081900000| PB 0x0000000081900000| Untracked 
|  14|0x0000000081a00000, 0x0000000081a00000, 0x0000000081b00000|  0%| F|  |TAMS 0x0000000081a00000| PB 0x0000000081a00000| Untracked 
|  15|0x0000000081b00000, 0x0000000081b00000, 0x0000000081c00000|  0%| F|  |TAMS 0x0000000081b00000| PB 0x0000000081b00000| Untracked 
|  16|0x0000000081c00000, 0x0000000081c00000, 0x0000000081d00000|  0%| F|  |TAMS 0x0000000081c00000| PB 0x0000000081c00000| Untracked 
|  17|0x0000000081d00000, 0x0000000081d00000, 0x0000000081e00000|  0%| F|  |TAMS 0x0000000081d00000| PB 0x0000000081d00000| Untracked 
|  18|0x0000000081e00000, 0x0000000081e00000, 0x0000000081f00000|  0%| F|  |TAMS 0x0000000081e00000| PB 0x0000000081e00000| Untracked 
|  19|0x0000000081f00000, 0x0000000081f00000, 0x0000000082000000|  0%| F|  |TAMS 0x0000000081f00000| PB 0x0000000081f00000| Untracked 
|  20|0x0000000082000000, 0x0000000082000000, 0x0000000082100000|  0%| F|  |TAMS 0x0000000082000000| PB 0x0000000082000000| Untracked 
|  21|0x0000000082100000, 0x0000000082100000, 0x0000000082200000|  0%| F|  |TAMS 0x0000000082100000| PB 0x0000000082100000| Untracked 
|  22|0x0000000082200000, 0x0000000082200000, 0x0000000082300000|  0%| F|  |TAMS 0x0000000082200000| PB 0x0000000082200000| Untracked 
|  23|0x0000000082300000, 0x0000000082300000, 0x0000000082400000|  0%| F|  |TAMS 0x0000000082300000| PB 0x0000000082300000| Untracked 
|  24|0x0000000082400000, 0x0000000082400000, 0x0000000082500000|  0%| F|  |TAMS 0x0000000082400000| PB 0x0000000082400000| Untracked 
|  25|0x0000000082500000, 0x0000000082500000, 0x0000000082600000|  0%| F|  |TAMS 0x0000000082500000| PB 0x0000000082500000| Untracked 
|  26|0x0000000082600000, 0x0000000082600000, 0x0000000082700000|  0%| F|  |TAMS 0x0000000082600000| PB 0x0000000082600000| Untracked 
|  27|0x0000000082700000, 0x0000000082700000, 0x0000000082800000|  0%| F|  |TAMS 0x0000000082700000| PB 0x0000000082700000| Untracked 
|  28|0x0000000082800000, 0x0000000082800000, 0x0000000082900000|  0%| F|  |TAMS 0x0000000082800000| PB 0x0000000082800000| Untracked 
|  29|0x0000000082900000, 0x0000000082900000, 0x0000000082a00000|  0%| F|  |TAMS 0x0000000082900000| PB 0x0000000082900000| Untracked 
|  30|0x0000000082a00000, 0x0000000082a00000, 0x0000000082b00000|  0%| F|  |TAMS 0x0000000082a00000| PB 0x0000000082a00000| Untracked 
|  31|0x0000000082b00000, 0x0000000082b00000, 0x0000000082c00000|  0%| F|  |TAMS 0x0000000082b00000| PB 0x0000000082b00000| Untracked 
|  32|0x0000000082c00000, 0x0000000082c00000, 0x0000000082d00000|  0%| F|  |TAMS 0x0000000082c00000| PB 0x0000000082c00000| Untracked 
|  33|0x0000000082d00000, 0x0000000082d00000, 0x0000000082e00000|  0%| F|  |TAMS 0x0000000082d00000| PB 0x0000000082d00000| Untracked 
|  34|0x0000000082e00000, 0x0000000082e00000, 0x0000000082f00000|  0%| F|  |TAMS 0x0000000082e00000| PB 0x0000000082e00000| Untracked 
|  35|0x0000000082f00000, 0x0000000082f00000, 0x0000000083000000|  0%| F|  |TAMS 0x0000000082f00000| PB 0x0000000082f00000| Untracked 
|  36|0x0000000083000000, 0x0000000083000000, 0x0000000083100000|  0%| F|  |TAMS 0x0000000083000000| PB 0x0000000083000000| Untracked 
|  37|0x0000000083100000, 0x0000000083100000, 0x0000000083200000|  0%| F|  |TAMS 0x0000000083100000| PB 0x0000000083100000| Untracked 
|  38|0x0000000083200000, 0x0000000083200000, 0x0000000083300000|  0%| F|  |TAMS 0x0000000083200000| PB 0x0000000083200000| Untracked 
|  39|0x0000000083300000, 0x0000000083300000, 0x0000000083400000|  0%| F|  |TAMS 0x0000000083300000| PB 0x0000000083300000| Untracked 
|  40|0x0000000083400000, 0x0000000083400000, 0x0000000083500000|  0%| F|  |TAMS 0x0000000083400000| PB 0x0000000083400000| Untracked 
|  41|0x0000000083500000, 0x0000000083500000, 0x0000000083600000|  0%| F|  |TAMS 0x0000000083500000| PB 0x0000000083500000| Untracked 
|  42|0x0000000083600000, 0x0000000083600000, 0x0000000083700000|  0%| F|  |TAMS 0x0000000083600000| PB 0x0000000083600000| Untracked 
|  43|0x0000000083700000, 0x0000000083700000, 0x0000000083800000|  0%| F|  |TAMS 0x0000000083700000| PB 0x0000000083700000| Untracked 
|  44|0x0000000083800000, 0x0000000083800000, 0x0000000083900000|  0%| F|  |TAMS 0x0000000083800000| PB 0x0000000083800000| Untracked 
|  45|0x0000000083900000, 0x0000000083900000, 0x0000000083a00000|  0%| F|  |TAMS 0x0000000083900000| PB 0x0000000083900000| Untracked 
|  46|0x0000000083a00000, 0x0000000083a00000, 0x0000000083b00000|  0%| F|  |TAMS 0x0000000083a00000| PB 0x0000000083a00000| Untracked 
|  47|0x0000000083b00000, 0x0000000083b00000, 0x0000000083c00000|  0%| F|  |TAMS 0x0000000083b00000| PB 0x0000000083b00000| Untracked 
|  48|0x0000000083c00000, 0x0000000083c00000, 0x0000000083d00000|  0%| F|  |TAMS 0x0000000083c00000| PB 0x0000000083c00000| Untracked 
|  49|0x0000000083d00000, 0x0000000083d00000, 0x0000000083e00000|  0%| F|  |TAMS 0x0000000083d00000| PB 0x0000000083d00000| Untracked 
|  50|0x0000000083e00000, 0x0000000083e00000, 0x0000000083f00000|  0%| F|  |TAMS 0x0000000083e00000| PB 0x0000000083e00000| Untracked 
|  51|0x0000000083f00000, 0x0000000083f00000, 0x0000000084000000|  0%| F|  |TAMS 0x0000000083f00000| PB 0x0000000083f00000| Untracked 
|  52|0x0000000084000000, 0x0000000084000000, 0x0000000084100000|  0%| F|  |TAMS 0x0000000084000000| PB 0x0000000084000000| Untracked 
|  53|0x0000000084100000, 0x0000000084100000, 0x0000000084200000|  0%| F|  |TAMS 0x0000000084100000| PB 0x0000000084100000| Untracked 
|  54|0x0000000084200000, 0x0000000084200000, 0x0000000084300000|  0%| F|  |TAMS 0x0000000084200000| PB 0x0000000084200000| Untracked 
|  55|0x0000000084300000, 0x0000000084300000, 0x0000000084400000|  0%| F|  |TAMS 0x0000000084300000| PB 0x0000000084300000| Untracked 
|  56|0x0000000084400000, 0x0000000084400000, 0x0000000084500000|  0%| F|  |TAMS 0x0000000084400000| PB 0x0000000084400000| Untracked 
|  57|0x0000000084500000, 0x0000000084500000, 0x0000000084600000|  0%| F|  |TAMS 0x0000000084500000| PB 0x0000000084500000| Untracked 
|  58|0x0000000084600000, 0x0000000084600000, 0x0000000084700000|  0%| F|  |TAMS 0x0000000084600000| PB 0x0000000084600000| Untracked 
|  59|0x0000000084700000, 0x0000000084700000, 0x0000000084800000|  0%| F|  |TAMS 0x0000000084700000| PB 0x0000000084700000| Untracked 
|  60|0x0000000084800000, 0x0000000084800000, 0x0000000084900000|  0%| F|  |TAMS 0x0000000084800000| PB 0x0000000084800000| Untracked 
|  61|0x0000000084900000, 0x0000000084900000, 0x0000000084a00000|  0%| F|  |TAMS 0x0000000084900000| PB 0x0000000084900000| Untracked 
|  62|0x0000000084a00000, 0x0000000084a00000, 0x0000000084b00000|  0%| F|  |TAMS 0x0000000084a00000| PB 0x0000000084a00000| Untracked 
|  63|0x0000000084b00000, 0x0000000084b00000, 0x0000000084c00000|  0%| F|  |TAMS 0x0000000084b00000| PB 0x0000000084b00000| Untracked 
|  64|0x0000000084c00000, 0x0000000084c00000, 0x0000000084d00000|  0%| F|  |TAMS 0x0000000084c00000| PB 0x0000000084c00000| Untracked 
|  65|0x0000000084d00000, 0x0000000084d00000, 0x0000000084e00000|  0%| F|  |TAMS 0x0000000084d00000| PB 0x0000000084d00000| Untracked 
|  66|0x0000000084e00000, 0x0000000084e00000, 0x0000000084f00000|  0%| F|  |TAMS 0x0000000084e00000| PB 0x0000000084e00000| Untracked 
|  67|0x0000000084f00000, 0x0000000084f00000, 0x0000000085000000|  0%| F|  |TAMS 0x0000000084f00000| PB 0x0000000084f00000| Untracked 
|  68|0x0000000085000000, 0x0000000085000000, 0x0000000085100000|  0%| F|  |TAMS 0x0000000085000000| PB 0x0000000085000000| Untracked 
|  69|0x0000000085100000, 0x0000000085100000, 0x0000000085200000|  0%| F|  |TAMS 0x0000000085100000| PB 0x0000000085100000| Untracked 
|  70|0x0000000085200000, 0x0000000085200000, 0x0000000085300000|  0%| F|  |TAMS 0x0000000085200000| PB 0x0000000085200000| Untracked 
|  71|0x0000000085300000, 0x0000000085300000, 0x0000000085400000|  0%| F|  |TAMS 0x0000000085300000| PB 0x0000000085300000| Untracked 
|  72|0x0000000085400000, 0x0000000085400000, 0x0000000085500000|  0%| F|  |TAMS 0x0000000085400000| PB 0x0000000085400000| Untracked 
|  73|0x0000000085500000, 0x0000000085500000, 0x0000000085600000|  0%| F|  |TAMS 0x0000000085500000| PB 0x0000000085500000| Untracked 
|  74|0x0000000085600000, 0x0000000085600000, 0x0000000085700000|  0%| F|  |TAMS 0x0000000085600000| PB 0x0000000085600000| Untracked 
|  75|0x0000000085700000, 0x0000000085700000, 0x0000000085800000|  0%| F|  |TAMS 0x0000000085700000| PB 0x0000000085700000| Untracked 
|  76|0x0000000085800000, 0x0000000085800000, 0x0000000085900000|  0%| F|  |TAMS 0x0000000085800000| PB 0x0000000085800000| Untracked 
|  77|0x0000000085900000, 0x0000000085900000, 0x0000000085a00000|  0%| F|  |TAMS 0x0000000085900000| PB 0x0000000085900000| Untracked 
|  78|0x0000000085a00000, 0x0000000085a00000, 0x0000000085b00000|  0%| F|  |TAMS 0x0000000085a00000| PB 0x0000000085a00000| Untracked 
|  79|0x0000000085b00000, 0x0000000085b00000, 0x0000000085c00000|  0%| F|  |TAMS 0x0000000085b00000| PB 0x0000000085b00000| Untracked 
|  80|0x0000000085c00000, 0x0000000085c00000, 0x0000000085d00000|  0%| F|  |TAMS 0x0000000085c00000| PB 0x0000000085c00000| Untracked 
|  81|0x0000000085d00000, 0x0000000085d00000, 0x0000000085e00000|  0%| F|  |TAMS 0x0000000085d00000| PB 0x0000000085d00000| Untracked 
|  82|0x0000000085e00000, 0x0000000085e00000, 0x0000000085f00000|  0%| F|  |TAMS 0x0000000085e00000| PB 0x0000000085e00000| Untracked 
|  83|0x0000000085f00000, 0x0000000085f00000, 0x0000000086000000|  0%| F|  |TAMS 0x0000000085f00000| PB 0x0000000085f00000| Untracked 
|  84|0x0000000086000000, 0x0000000086000000, 0x0000000086100000|  0%| F|  |TAMS 0x0000000086000000| PB 0x0000000086000000| Untracked 
|  85|0x0000000086100000, 0x0000000086100000, 0x0000000086200000|  0%| F|  |TAMS 0x0000000086100000| PB 0x0000000086100000| Untracked 
|  86|0x0000000086200000, 0x0000000086200000, 0x0000000086300000|  0%| F|  |TAMS 0x0000000086200000| PB 0x0000000086200000| Untracked 
|  87|0x0000000086300000, 0x0000000086300000, 0x0000000086400000|  0%| F|  |TAMS 0x0000000086300000| PB 0x0000000086300000| Untracked 
|  88|0x0000000086400000, 0x0000000086400000, 0x0000000086500000|  0%| F|  |TAMS 0x0000000086400000| PB 0x0000000086400000| Untracked 
|  89|0x0000000086500000, 0x0000000086500000, 0x0000000086600000|  0%| F|  |TAMS 0x0000000086500000| PB 0x0000000086500000| Untracked 
|  90|0x0000000086600000, 0x0000000086600000, 0x0000000086700000|  0%| F|  |TAMS 0x0000000086600000| PB 0x0000000086600000| Untracked 
|  91|0x0000000086700000, 0x0000000086700000, 0x0000000086800000|  0%| F|  |TAMS 0x0000000086700000| PB 0x0000000086700000| Untracked 
|  92|0x0000000086800000, 0x0000000086800000, 0x0000000086900000|  0%| F|  |TAMS 0x0000000086800000| PB 0x0000000086800000| Untracked 
|  93|0x0000000086900000, 0x0000000086900000, 0x0000000086a00000|  0%| F|  |TAMS 0x0000000086900000| PB 0x0000000086900000| Untracked 
|  94|0x0000000086a00000, 0x0000000086a00000, 0x0000000086b00000|  0%| F|  |TAMS 0x0000000086a00000| PB 0x0000000086a00000| Untracked 
|  95|0x0000000086b00000, 0x0000000086b00000, 0x0000000086c00000|  0%| F|  |TAMS 0x0000000086b00000| PB 0x0000000086b00000| Untracked 
|  96|0x0000000086c00000, 0x0000000086c00000, 0x0000000086d00000|  0%| F|  |TAMS 0x0000000086c00000| PB 0x0000000086c00000| Untracked 
|  97|0x0000000086d00000, 0x0000000086d00000, 0x0000000086e00000|  0%| F|  |TAMS 0x0000000086d00000| PB 0x0000000086d00000| Untracked 
|  98|0x0000000086e00000, 0x0000000086e00000, 0x0000000086f00000|  0%| F|  |TAMS 0x0000000086e00000| PB 0x0000000086e00000| Untracked 
|  99|0x0000000086f00000, 0x0000000086f00000, 0x0000000087000000|  0%| F|  |TAMS 0x0000000086f00000| PB 0x0000000086f00000| Untracked 
| 100|0x0000000087000000, 0x0000000087000000, 0x0000000087100000|  0%| F|  |TAMS 0x0000000087000000| PB 0x0000000087000000| Untracked 
| 101|0x0000000087100000, 0x0000000087100000, 0x0000000087200000|  0%| F|  |TAMS 0x0000000087100000| PB 0x0000000087100000| Untracked 
| 102|0x0000000087200000, 0x0000000087200000, 0x0000000087300000|  0%| F|  |TAMS 0x0000000087200000| PB 0x0000000087200000| Untracked 
| 103|0x0000000087300000, 0x0000000087300000, 0x0000000087400000|  0%| F|  |TAMS 0x0000000087300000| PB 0x0000000087300000| Untracked 
| 104|0x0000000087400000, 0x0000000087400000, 0x0000000087500000|  0%| F|  |TAMS 0x0000000087400000| PB 0x0000000087400000| Untracked 
| 105|0x0000000087500000, 0x0000000087500000, 0x0000000087600000|  0%| F|  |TAMS 0x0000000087500000| PB 0x0000000087500000| Untracked 
| 106|0x0000000087600000, 0x0000000087600000, 0x0000000087700000|  0%| F|  |TAMS 0x0000000087600000| PB 0x0000000087600000| Untracked 
| 107|0x0000000087700000, 0x0000000087700000, 0x0000000087800000|  0%| F|  |TAMS 0x0000000087700000| PB 0x0000000087700000| Untracked 
| 108|0x0000000087800000, 0x0000000087800000, 0x0000000087900000|  0%| F|  |TAMS 0x0000000087800000| PB 0x0000000087800000| Untracked 
| 109|0x0000000087900000, 0x0000000087900000, 0x0000000087a00000|  0%| F|  |TAMS 0x0000000087900000| PB 0x0000000087900000| Untracked 
| 110|0x0000000087a00000, 0x0000000087a00000, 0x0000000087b00000|  0%| F|  |TAMS 0x0000000087a00000| PB 0x0000000087a00000| Untracked 
| 111|0x0000000087b00000, 0x0000000087b00000, 0x0000000087c00000|  0%| F|  |TAMS 0x0000000087b00000| PB 0x0000000087b00000| Untracked 
| 112|0x0000000087c00000, 0x0000000087c00000, 0x0000000087d00000|  0%| F|  |TAMS 0x0000000087c00000| PB 0x0000000087c00000| Untracked 
| 113|0x0000000087d00000, 0x0000000087dcdc08, 0x0000000087e00000| 80%| S|CS|TAMS 0x0000000087d00000| PB 0x0000000087d00000| Complete 
| 114|0x0000000087e00000, 0x0000000087f00000, 0x0000000087f00000|100%| S|CS|TAMS 0x0000000087e00000| PB 0x0000000087e00000| Complete 
| 115|0x0000000087f00000, 0x0000000087f00000, 0x0000000088000000|  0%| F|  |TAMS 0x0000000087f00000| PB 0x0000000087f00000| Untracked 
| 116|0x0000000088000000, 0x0000000088000000, 0x0000000088100000|  0%| F|  |TAMS 0x0000000088000000| PB 0x0000000088000000| Untracked 
| 117|0x0000000088100000, 0x0000000088100000, 0x0000000088200000|  0%| F|  |TAMS 0x0000000088100000| PB 0x0000000088100000| Untracked 
| 118|0x0000000088200000, 0x0000000088200000, 0x0000000088300000|  0%| F|  |TAMS 0x0000000088200000| PB 0x0000000088200000| Untracked 
| 119|0x0000000088300000, 0x000000008832ea68, 0x0000000088400000| 18%| E|  |TAMS 0x0000000088300000| PB 0x0000000088300000| Complete 
| 120|0x0000000088400000, 0x0000000088500000, 0x0000000088500000|100%| E|CS|TAMS 0x0000000088400000| PB 0x0000000088400000| Complete 
| 121|0x0000000088500000, 0x0000000088600000, 0x0000000088600000|100%| E|CS|TAMS 0x0000000088500000| PB 0x0000000088500000| Complete 
| 122|0x0000000088600000, 0x0000000088700000, 0x0000000088700000|100%| E|CS|TAMS 0x0000000088600000| PB 0x0000000088600000| Complete 
| 123|0x0000000088700000, 0x0000000088800000, 0x0000000088800000|100%| E|CS|TAMS 0x0000000088700000| PB 0x0000000088700000| Complete 
| 124|0x0000000088800000, 0x0000000088900000, 0x0000000088900000|100%| E|CS|TAMS 0x0000000088800000| PB 0x0000000088800000| Complete 
| 125|0x0000000088900000, 0x0000000088a00000, 0x0000000088a00000|100%| E|CS|TAMS 0x0000000088900000| PB 0x0000000088900000| Complete 
| 126|0x0000000088a00000, 0x0000000088b00000, 0x0000000088b00000|100%| E|CS|TAMS 0x0000000088a00000| PB 0x0000000088a00000| Complete 
| 127|0x0000000088b00000, 0x0000000088c00000, 0x0000000088c00000|100%| E|CS|TAMS 0x0000000088b00000| PB 0x0000000088b00000| Complete 

Card table byte_map: [0x000001781fe30000,0x0000017820230000] _byte_map_base: 0x000001781fa2a000

Marking Bits: (CMBitMap*) 0x00000178089dd9d0
 Bits: [0x0000017820630000, 0x0000017822600000)

Polling page: 0x0000017806840000

Metaspace:

Usage:
  Non-class:      5.26 MB used.
      Class:    697.31 KB used.
       Both:      5.94 MB used.

Virtual space:
  Non-class space:       64.00 MB reserved,       5.38 MB (  8%) committed,  1 nodes.
      Class space:        1.00 GB reserved,     768.00 KB ( <1%) committed,  1 nodes.
             Both:        1.06 GB reserved,       6.13 MB ( <1%) committed. 

Chunk freelists:
   Non-Class:  1.71 MB
       Class:  3.06 MB
        Both:  4.77 MB

MaxMetaspaceSize: unlimited
CompressedClassSpaceSize: 1.00 GB
Initial GC threshold: 21.00 MB
Current GC threshold: 21.00 MB
CDS: on
MetaspaceReclaimPolicy: balanced
 - commit_granule_bytes: 65536.
 - commit_granule_words: 8192.
 - virtual_space_node_default_size: 8388608.
 - enlarge_chunks_in_place: 1.
 - new_chunks_are_fully_committed: 0.
 - uncommit_free_chunks: 1.
 - use_allocation_guard: 0.


Internal statistics:

num_allocs_failed_limit: 0.
num_arena_births: 188.
num_arena_deaths: 0.
num_vsnodes_births: 2.
num_vsnodes_deaths: 0.
num_space_committed: 98.
num_space_uncommitted: 0.
num_chunks_returned_to_freelist: 0.
num_chunks_taken_from_freelist: 327.
num_chunk_merges: 0.
num_chunk_splits: 210.
num_chunks_enlarged: 139.
num_inconsistent_stats: 0.

CodeHeap 'non-profiled nmethods': size=120000Kb used=350Kb max_used=350Kb free=119649Kb
 bounds [0x0000017818500000, 0x0000017818770000, 0x000001781fa30000]
CodeHeap 'profiled nmethods': size=120000Kb used=1689Kb max_used=1689Kb free=118310Kb
 bounds [0x0000017810a30000, 0x0000017810ca0000, 0x0000017817f60000]
CodeHeap 'non-nmethods': size=5760Kb used=1521Kb max_used=1521Kb free=4238Kb
 bounds [0x0000017817f60000, 0x00000178181d0000, 0x0000017818500000]
 total_blobs=1593 nmethods=1047 adapters=457
 compilation: enabled
              stopped_count=0, restarted_count=0
 full_count=0

Compilation events (20 events):
Event: 0.633 Thread 0x0000017869d20020 1024       3       java.lang.invoke.LambdaForm::editor (5 bytes)
Event: 0.633 Thread 0x0000017869d20020 nmethod 1024 0x0000017810bcc510 code [0x0000017810bcc6c0, 0x0000017810bcc9f0]
Event: 0.634 Thread 0x0000017869d20020 1025       3       java.lang.invoke.LambdaFormEditor$TransformKey::inRange (36 bytes)
Event: 0.634 Thread 0x0000017869d20020 nmethod 1025 0x0000017810bccb10 code [0x0000017810bccca0, 0x0000017810bcce00]
Event: 0.634 Thread 0x0000017869d20020 1026       3       java.lang.invoke.LambdaFormEditor$TransformKey::<init> (15 bytes)
Event: 0.634 Thread 0x0000017869d20020 nmethod 1026 0x0000017810bcce90 code [0x0000017810bcd020, 0x0000017810bcd1b8]
Event: 0.635 Thread 0x0000017869d20020 1027       3       java.lang.invoke.LambdaFormEditor::getInCache (165 bytes)
Event: 0.635 Thread 0x0000017869d20020 nmethod 1027 0x0000017810bcd290 code [0x0000017810bcd500, 0x0000017810bce3d8]
Event: 0.638 Thread 0x0000017869d20020 1029       3       java.security.SecureClassLoader$CodeSourceKey::<init> (10 bytes)
Event: 0.638 Thread 0x0000017869d20020 nmethod 1029 0x0000017810bce790 code [0x0000017810bce920, 0x0000017810bceb48]
Event: 0.639 Thread 0x0000017869d20020 1030       3       java.security.SecureClassLoader$1::<init> (10 bytes)
Event: 0.639 Thread 0x0000017869d20020 nmethod 1030 0x0000017810bcec10 code [0x0000017810bceda0, 0x0000017810bcef68]
Event: 0.639 Thread 0x0000017869d20020 1031       3       java.security.SecureClassLoader$CodeSourceKey::hashCode (21 bytes)
Event: 0.639 Thread 0x0000017869d20020 nmethod 1031 0x0000017810bcf010 code [0x0000017810bcf1c0, 0x0000017810bcf3a8]
Event: 0.640 Thread 0x0000017869d20020 1032       3       java.lang.ClassLoader::checkCerts (121 bytes)
Event: 0.640 Thread 0x0000017869d20020 nmethod 1032 0x0000017810bcf490 code [0x0000017810bcf760, 0x0000017810bd0528]
Event: 0.640 Thread 0x0000017869d20020 1033   !   3       java.lang.ClassLoader::addClass (27 bytes)
Event: 0.641 Thread 0x0000017869d20020 nmethod 1033 0x0000017810bd0a90 code [0x0000017810bd0c60, 0x0000017810bd1228]
Event: 0.641 Thread 0x0000017869d20020 1034       3       java.lang.ClassLoader::getNamedPackage (73 bytes)
Event: 0.641 Thread 0x0000017869d20020 nmethod 1034 0x0000017810bd1590 code [0x0000017810bd1760, 0x0000017810bd1cc0]

GC Heap History (2 events):
Event: 0.422 GC heap before
{Heap before GC invocations=0 (full 0):
 garbage-first heap   total 131072K, used 12288K [0x0000000080c00000, 0x0000000100000000)
  region size 1024K, 13 young (13312K), 0 survivors (0K)
 Metaspace       used 2706K, committed 2944K, reserved 1114112K
  class space    used 286K, committed 384K, reserved 1048576K
}
Event: 0.424 GC heap after
{Heap after GC invocations=1 (full 0):
 garbage-first heap   total 131072K, used 1847K [0x0000000080c00000, 0x0000000100000000)
  region size 1024K, 2 young (2048K), 2 survivors (2048K)
 Metaspace       used 2706K, committed 2944K, reserved 1114112K
  class space    used 286K, committed 384K, reserved 1048576K
}

Dll operation events (20 events):
Event: 0.353 Loaded shared library C:\Users\Ololo\.openjfx\cache\18.0.1+2\api-ms-win-crt-environment-l1-1-0.dll
Event: 0.356 Loaded shared library C:\Users\Ololo\.openjfx\cache\18.0.1+2\api-ms-win-crt-filesystem-l1-1-0.dll
Event: 0.358 Loaded shared library C:\Users\Ololo\.openjfx\cache\18.0.1+2\api-ms-win-crt-heap-l1-1-0.dll
Event: 0.360 Loaded shared library C:\Users\Ololo\.openjfx\cache\18.0.1+2\api-ms-win-crt-locale-l1-1-0.dll
Event: 0.362 Loaded shared library C:\Users\Ololo\.openjfx\cache\18.0.1+2\api-ms-win-crt-math-l1-1-0.dll
Event: 0.364 Loaded shared library C:\Users\Ololo\.openjfx\cache\18.0.1+2\api-ms-win-crt-multibyte-l1-1-0.dll
Event: 0.366 Loaded shared library C:\Users\Ololo\.openjfx\cache\18.0.1+2\api-ms-win-crt-private-l1-1-0.dll
Event: 0.368 Loaded shared library C:\Users\Ololo\.openjfx\cache\18.0.1+2\api-ms-win-crt-process-l1-1-0.dll
Event: 0.370 Loaded shared library C:\Users\Ololo\.openjfx\cache\18.0.1+2\api-ms-win-crt-runtime-l1-1-0.dll
Event: 0.372 Loaded shared library C:\Users\Ololo\.openjfx\cache\18.0.1+2\api-ms-win-crt-stdio-l1-1-0.dll
Event: 0.375 Loaded shared library C:\Users\Ololo\.openjfx\cache\18.0.1+2\api-ms-win-crt-string-l1-1-0.dll
Event: 0.379 Loaded shared library C:\Users\Ololo\.openjfx\cache\18.0.1+2\api-ms-win-crt-time-l1-1-0.dll
Event: 0.387 Loaded shared library C:\Users\Ololo\.openjfx\cache\18.0.1+2\api-ms-win-crt-utility-l1-1-0.dll
Event: 0.400 Loaded shared library C:\Users\Ololo\.openjfx\cache\18.0.1+2\ucrtbase.dll
Event: 0.403 Loaded shared library C:\Users\Ololo\.openjfx\cache\18.0.1+2\vcruntime140.dll
Event: 0.405 Loaded shared library C:\Users\Ololo\.openjfx\cache\18.0.1+2\vcruntime140_1.dll
Event: 0.411 Loaded shared library C:\Users\Ololo\.openjfx\cache\18.0.1+2\msvcp140.dll
Event: 0.438 Loaded shared library C:\Users\Ololo\.openjfx\cache\18.0.1+2\prism_d3d.dll
Event: 0.457 Loaded shared library C:\Users\Ololo\.openjfx\cache\18.0.1+2\glass.dll
Event: 0.573 Loaded shared library C:\Program Files\Java\jdk-20\bin\jimage.dll

Deoptimization events (20 events):
Event: 0.247 Thread 0x000001780897e750 Uncommon trap: trap_request=0xffffff45 fr.pc=0x00000178185163ac relative=0x000000000000068c
Event: 0.247 Thread 0x000001780897e750 Uncommon trap: reason=unstable_if action=reinterpret pc=0x00000178185163ac method=jdk.internal.module.Checks.isJavaIdentifier(Ljava/lang/String;)Z @ 4 c2
Event: 0.247 Thread 0x000001780897e750 DEOPT PACKING pc=0x00000178185163ac sp=0x000000311c1fe930
Event: 0.247 Thread 0x000001780897e750 DEOPT UNPACKING pc=0x0000017817fc9d22 sp=0x000000311c1fe8d0 mode 2
Event: 0.258 Thread 0x000001780897e750 Uncommon trap: trap_request=0xffffff45 fr.pc=0x000001781851a4fc relative=0x0000000000000e5c
Event: 0.258 Thread 0x000001780897e750 Uncommon trap: reason=unstable_if action=reinterpret pc=0x000001781851a4fc method=java.util.HashMap.putVal(ILjava/lang/Object;Ljava/lang/Object;ZZ)Ljava/lang/Object; @ 193 c2
Event: 0.258 Thread 0x000001780897e750 DEOPT PACKING pc=0x000001781851a4fc sp=0x000000311c1fe5c0
Event: 0.258 Thread 0x000001780897e750 DEOPT UNPACKING pc=0x0000017817fc9d22 sp=0x000000311c1fe570 mode 2
Event: 0.398 Thread 0x000001780897e750 DEOPT PACKING pc=0x0000017810b2298f sp=0x000000311c1fe820
Event: 0.398 Thread 0x000001780897e750 DEOPT UNPACKING pc=0x0000017817fca4c2 sp=0x000000311c1fdc40 mode 0
Event: 0.403 Thread 0x000001780897e750 DEOPT PACKING pc=0x0000017810b1ebba sp=0x000000311c1fe7f0
Event: 0.403 Thread 0x000001780897e750 DEOPT UNPACKING pc=0x0000017817fca4c2 sp=0x000000311c1fdc88 mode 0
Event: 0.463 Thread 0x000001786a8a68d0 Uncommon trap: trap_request=0xffffff45 fr.pc=0x000001781853a4b8 relative=0x0000000000000278
Event: 0.463 Thread 0x000001786a8a68d0 Uncommon trap: reason=unstable_if action=reinterpret pc=0x000001781853a4b8 method=java.lang.invoke.VarHandle.checkAccessModeThenIsDirect(Ljava/lang/invoke/VarHandle$AccessDescriptor;)Z @ 4 c2
Event: 0.463 Thread 0x000001786a8a68d0 DEOPT PACKING pc=0x000001781853a4b8 sp=0x000000311dbfe720
Event: 0.463 Thread 0x000001786a8a68d0 DEOPT UNPACKING pc=0x0000017817fc9d22 sp=0x000000311dbfe678 mode 2
Event: 0.540 Thread 0x000001786a8a68d0 Uncommon trap: trap_request=0xffffff45 fr.pc=0x0000017818539688 relative=0x0000000000000088
Event: 0.540 Thread 0x000001786a8a68d0 Uncommon trap: reason=unstable_if action=reinterpret pc=0x0000017818539688 method=jdk.internal.misc.Unsafe.convEndian(ZI)I @ 4 c2
Event: 0.540 Thread 0x000001786a8a68d0 DEOPT PACKING pc=0x0000017818539688 sp=0x000000311dbfd4a0
Event: 0.540 Thread 0x000001786a8a68d0 DEOPT UNPACKING pc=0x0000017817fc9d22 sp=0x000000311dbfd3d0 mode 2

Classes loaded (20 events):
Event: 0.608 Loading class com/sun/org/apache/xerces/internal/impl/msg/XMLMessages_ru
Event: 0.608 Loading class com/sun/org/apache/xerces/internal/impl/msg/XMLMessages_ru done
Event: 0.608 Loading class com/sun/org/apache/xerces/internal/impl/msg/XMLMessages_ru
Event: 0.608 Loading class com/sun/org/apache/xerces/internal/impl/msg/XMLMessages_ru done
Event: 0.608 Loading class com/sun/org/apache/xerces/internal/impl/msg/XMLMessages_ru_RU
Event: 0.608 Loading class com/sun/org/apache/xerces/internal/impl/msg/XMLMessages_ru_RU done
Event: 0.608 Loading class com/sun/org/apache/xerces/internal/impl/msg/XMLMessages_ru_RU
Event: 0.608 Loading class com/sun/org/apache/xerces/internal/impl/msg/XMLMessages_ru_RU done
Event: 0.608 Loading class com/sun/org/apache/xerces/internal/xni/XNIException
Event: 0.608 Loading class com/sun/org/apache/xerces/internal/xni/XNIException done
Event: 0.608 Loading class com/sun/org/apache/xerces/internal/impl/io/MalformedByteSequenceException
Event: 0.608 Loading class java/io/CharConversionException
Event: 0.608 Loading class java/io/CharConversionException done
Event: 0.608 Loading class com/sun/org/apache/xerces/internal/impl/io/MalformedByteSequenceException done
Event: 0.608 Loading class com/sun/org/apache/xerces/internal/impl/XMLStreamReaderImpl$1
Event: 0.608 Loading class javax/xml/stream/Location
Event: 0.608 Loading class javax/xml/stream/Location done
Event: 0.608 Loading class com/sun/org/apache/xerces/internal/impl/XMLStreamReaderImpl$1 done
Event: 0.617 Loading class java/util/LinkedList$ListItr
Event: 0.617 Loading class java/util/LinkedList$ListItr done

Classes unloaded (0 events):
No events

Classes redefined (0 events):
No events

Internal exceptions (18 events):
Event: 0.108 Thread 0x000001780897e750 Exception <a 'java/lang/NoSuchMethodError'{0x00000000889eb790}: 'void java.lang.invoke.DirectMethodHandle$Holder.invokeVirtual(java.lang.Object, java.lang.Object)'> (0x00000000889eb790) 
thrown [s\open\src\hotspot\share\interpreter\linkResolver.cpp, line 773]
Event: 0.109 Thread 0x000001780897e750 Exception <a 'java/lang/NoSuchMethodError'{0x00000000889f7170}: 'java.lang.Object java.lang.invoke.DirectMethodHandle$Holder.invokeInterface(java.lang.Object, java.lang.Object, java.lang.Object)'> (0x00000000889f7170) 
thrown [s\open\src\hotspot\share\interpreter\linkResolver.cpp, line 773]
Event: 0.155 Thread 0x000001780897e750 Exception <a 'java/lang/NoSuchMethodError'{0x0000000088573f50}: 'void java.lang.invoke.DirectMethodHandle$Holder.invokeStatic(java.lang.Object, java.lang.Object, java.lang.Object)'> (0x0000000088573f50) 
thrown [s\open\src\hotspot\share\interpreter\linkResolver.cpp, line 773]
Event: 0.163 Thread 0x000001780897e750 Exception <a 'java/lang/NoSuchMethodError'{0x000000008858a9b0}: 'java.lang.Object java.lang.invoke.Invokers$Holder.invokeExact_MT(java.lang.Object, java.lang.Object, java.lang.Object, java.lang.Object, java.lang.Object)'> (0x000000008858a9b0) 
thrown [s\open\src\hotspot\share\interpreter\linkResolver.cpp, line 773]
Event: 0.177 Thread 0x000001786a07be20 Exception <a 'java/lang/ClassNotFoundException'{0x00000000885cc5f8}: jdk/net/ExtendedSocketOptions> (0x00000000885cc5f8) 
thrown [s\open\src\hotspot\share\classfile\systemDictionary.cpp, line 305]
Event: 0.179 Thread 0x000001786a07be20 Exception <a 'java/lang/NoSuchMethodError'{0x00000000885cdf70}: 'void java.lang.invoke.DirectMethodHandle$Holder.invokeStatic(java.lang.Object, java.lang.Object)'> (0x00000000885cdf70) 
thrown [s\open\src\hotspot\share\interpreter\linkResolver.cpp, line 773]
Event: 0.188 Thread 0x000001780897e750 Exception <a 'java/lang/NoSuchMethodError'{0x00000000884555c8}: 'void java.lang.invoke.DirectMethodHandle$Holder.invokeStatic(java.lang.Object, java.lang.Object, java.lang.Object, java.lang.Object)'> (0x00000000884555c8) 
thrown [s\open\src\hotspot\share\interpreter\linkResolver.cpp, line 773]
Event: 0.189 Thread 0x000001780897e750 Exception <a 'java/lang/NoSuchMethodError'{0x0000000088459268}: 'void java.lang.invoke.DirectMethodHandle$Holder.invokeSpecial(java.lang.Object, java.lang.Object, java.lang.Object, java.lang.Object, java.lang.Object)'> (0x0000000088459268) 
thrown [s\open\src\hotspot\share\interpreter\linkResolver.cpp, line 773]
Event: 0.190 Thread 0x000001780897e750 Exception <a 'java/lang/NoSuchMethodError'{0x000000008846ad50}: 'java.lang.Object java.lang.invoke.Invokers$Holder.invokeExact_MT(java.lang.Object, java.lang.Object, java.lang.Object, java.lang.Object, java.lang.Object, java.lang.Object)'> (0x000000008846ad50) 
thrown [s\open\src\hotspot\share\interpreter\linkResolver.cpp, line 773]
Event: 0.426 Thread 0x000001780897e750 Exception <a 'java/lang/NoSuchMethodError'{0x0000000088b2e8f0}: 'void java.lang.invoke.DirectMethodHandle$Holder.invokeSpecial(java.lang.Object, java.lang.Object, java.lang.Object)'> (0x0000000088b2e8f0) 
thrown [s\open\src\hotspot\share\interpreter\linkResolver.cpp, line 773]
Event: 0.446 Thread 0x000001780897e750 Exception <a 'java/lang/NoSuchMethodError'{0x0000000088a31528}: 'int java.lang.invoke.DirectMethodHandle$Holder.invokeStaticInit(java.lang.Object, java.lang.Object, java.lang.Object)'> (0x0000000088a31528) 
thrown [s\open\src\hotspot\share\interpreter\linkResolver.cpp, line 773]
Event: 0.460 Thread 0x000001780897e750 Exception <a 'java/lang/NoSuchMethodError'{0x0000000088ae9cc8}: 'java.lang.Object java.lang.invoke.DirectMethodHandle$Holder.newInvokeSpecial(java.lang.Object, java.lang.Object, int, java.lang.Object)'> (0x0000000088ae9cc8) 
thrown [s\open\src\hotspot\share\interpreter\linkResolver.cpp, line 773]
Event: 0.460 Thread 0x000001780897e750 Exception <a 'java/lang/NoSuchMethodError'{0x0000000088aede20}: 'java.lang.Object java.lang.invoke.DirectMethodHandle$Holder.invokeSpecial(java.lang.Object, java.lang.Object, java.lang.Object, int, java.lang.Object)'> (0x0000000088aede20) 
thrown [s\open\src\hotspot\share\interpreter\linkResolver.cpp, line 773]
Event: 0.528 Thread 0x000001786a8a68d0 Exception <a 'java/lang/NoSuchMethodError'{0x0000000088728640}: 'void java.lang.invoke.DirectMethodHandle$Holder.invokeStaticInit(java.lang.Object)'> (0x0000000088728640) 
thrown [s\open\src\hotspot\share\interpreter\linkResolver.cpp, line 773]
Event: 0.530 Thread 0x000001780897e750 Exception <a 'java/lang/NoSuchMethodError'{0x000000008874e048}: 'java.lang.Object java.lang.invoke.DirectMethodHandle$Holder.newInvokeSpecial(java.lang.Object, java.lang.Object, java.lang.Object, java.lang.Object, java.lang.Object, java.lang.Object)'> (0x000000008874e048) 
thrown [s\open\src\hotspot\share\interpreter\linkResolver.cpp, line 773]
Event: 0.547 Thread 0x000001780897e750 Exception <a 'java/lang/NoSuchMethodError'{0x00000000887e3ce0}: 'java.lang.Object java.lang.invoke.DirectMethodHandle$Holder.newInvokeSpecial(java.lang.Object, java.lang.Object, java.lang.Object, java.lang.Object, java.lang.Object)'> (0x00000000887e3ce0) 
thrown [s\open\src\hotspot\share\interpreter\linkResolver.cpp, line 773]
Event: 0.586 Thread 0x000001786a8a68d0 Exception <a 'sun/nio/fs/WindowsException'{0x0000000088430d58}> (0x0000000088430d58) 
thrown [s\open\src\hotspot\share\prims\jni.cpp, line 519]
Event: 0.601 Thread 0x000001786a8a68d0 Exception <a 'java/lang/ClassNotFoundException'{0x000000008847d228}: com/sun/org/apache/xerces/internal/impl/msg/spi/XMLMessagesProvider> (0x000000008847d228) 
thrown [s\open\src\hotspot\share\classfile\systemDictionary.cpp, line 305]

VM Operations (10 events):
Event: 0.127 Executing VM operation: HandshakeAllThreads
Event: 0.127 Executing VM operation: HandshakeAllThreads done
Event: 0.127 Executing VM operation: HandshakeAllThreads
Event: 0.127 Executing VM operation: HandshakeAllThreads done
Event: 0.168 Executing VM operation: HandshakeAllThreads
Event: 0.174 Executing VM operation: HandshakeAllThreads done
Event: 0.422 Executing VM operation: G1CollectForAllocation
Event: 0.424 Executing VM operation: G1CollectForAllocation done
Event: 0.452 Executing VM operation: HandshakeAllThreads
Event: 0.452 Executing VM operation: HandshakeAllThreads done

Events (18 events):
Event: 0.026 Thread 0x000001780897e750 Thread added: 0x000001780897e750
Event: 0.032 Thread 0x0000017824af0410 Thread added: 0x0000017824af0410
Event: 0.032 Thread 0x0000017824af1210 Thread added: 0x0000017824af1210
Event: 0.032 Thread 0x0000017824af4e30 Thread added: 0x0000017824af4e30
Event: 0.032 Thread 0x0000017824af68e0 Thread added: 0x0000017824af68e0
Event: 0.032 Thread 0x0000017824af7220 Thread added: 0x0000017824af7220
Event: 0.032 Thread 0x0000017824af7b60 Thread added: 0x0000017824af7b60
Event: 0.032 Thread 0x0000017824af87d0 Thread added: 0x0000017824af87d0
Event: 0.034 Thread 0x0000017869d20020 Thread added: 0x0000017869d20020
Event: 0.058 Thread 0x0000017869d7fae0 Thread added: 0x0000017869d7fae0
Event: 0.096 Thread 0x0000017869edf580 Thread added: 0x0000017869edf580
Event: 0.166 Thread 0x000001786a07be20 Thread added: 0x000001786a07be20
Event: 0.166 Thread 0x0000017869fb4390 Thread added: 0x0000017869fb4390
Event: 0.433 Thread 0x000001786a7f59b0 Thread added: 0x000001786a7f59b0
Event: 0.459 Thread 0x000001786a8a1310 Thread added: 0x000001786a8a1310
Event: 0.461 Thread 0x000001786a8a68d0 Thread added: 0x000001786a8a68d0
Event: 0.546 Thread 0x000001786af9ca20 Thread added: 0x000001786af9ca20
Event: 0.550 Thread 0x000001786af06b80 Thread added: 0x000001786af06b80


Dynamic libraries:
0x00007ff7b78d0000 - 0x00007ff7b78e0000 	C:\Program Files\Java\jdk-20\bin\java.exe
0x00007ff849400000 - 0x00007ff8495c1000 	C:\Windows\SYSTEM32\ntdll.dll
0x00007ff848b00000 - 0x00007ff848bad000 	C:\Windows\system32\KERNEL32.DLL
0x00007ff845b40000 - 0x00007ff845d28000 	C:\Windows\system32\KERNELBASE.dll
0x00007ff838f90000 - 0x00007ff838fa9000 	C:\Program Files\Java\jdk-20\bin\jli.dll
0x00007ff838f70000 - 0x00007ff838f8b000 	C:\Program Files\Java\jdk-20\bin\VCRUNTIME140.dll
0x00007ff844c50000 - 0x00007ff844d44000 	C:\Windows\SYSTEM32\ucrtbase.dll
0x00007ff846e10000 - 0x00007ff846eb7000 	C:\Windows\system32\ADVAPI32.dll
0x00007ff848e70000 - 0x00007ff848f0d000 	C:\Windows\system32\msvcrt.dll
0x00007ff848c20000 - 0x00007ff848c7b000 	C:\Windows\system32\sechost.dll
0x00007ff846cf0000 - 0x00007ff846e0d000 	C:\Windows\system32\RPCRT4.dll
0x00007ff848d10000 - 0x00007ff848e66000 	C:\Windows\system32\USER32.dll
0x00007ff8487f0000 - 0x00007ff848977000 	C:\Windows\system32\GDI32.dll
0x00007ff83ce10000 - 0x00007ff83d084000 	C:\Windows\WinSxS\amd64_microsoft.windows.common-controls_6595b64144ccf1df_6.0.10586.839_none_a2ddba30a539a2ae\COMCTL32.dll
0x00007ff848570000 - 0x00007ff8487ee000 	C:\Windows\system32\combase.dll
0x00007ff845640000 - 0x00007ff84564a000 	C:\Windows\SYSTEM32\VERSION.dll
0x00007ff845d30000 - 0x00007ff845d9a000 	C:\Windows\system32\bcryptPrimitives.dll
0x00007ff846a10000 - 0x00007ff846a4b000 	C:\Windows\system32\IMM32.DLL
0x0000000076110000 - 0x000000007611c000 	C:\Program Files (x86)\360\Total Security\safemon\SafeWrapper.dll
0x00007ff81f160000 - 0x00007ff81f1f2000 	C:\Program Files (x86)\360\Total Security\safemon\libzdtp64.dll
0x00007ff847010000 - 0x00007ff84856c000 	C:\Windows\system32\SHELL32.dll
0x00007ff845dc0000 - 0x00007ff845e03000 	C:\Windows\system32\cfgmgr32.dll
0x00007ff845e10000 - 0x00007ff846455000 	C:\Windows\system32\windows.storage.dll
0x00007ff848c80000 - 0x00007ff848cd2000 	C:\Windows\system32\shlwapi.dll
0x00007ff845a20000 - 0x00007ff845a2f000 	C:\Windows\system32\kernel.appcore.dll
0x00007ff846510000 - 0x00007ff8465c5000 	C:\Windows\system32\shcore.dll
0x00007ff845a30000 - 0x00007ff845a7b000 	C:\Windows\system32\powrprof.dll
0x00007ff845a90000 - 0x00007ff845aa4000 	C:\Windows\system32\profapi.dll
0x00007ff839f20000 - 0x00007ff839f2c000 	C:\Program Files\Java\jdk-20\bin\vcruntime140_1.dll
0x00007ff81ed00000 - 0x00007ff81ed8e000 	C:\Program Files\Java\jdk-20\bin\msvcp140.dll
0x00007ff804730000 - 0x00007ff8053c8000 	C:\Program Files\Java\jdk-20\bin\server\jvm.dll
0x00007ff83a2b0000 - 0x00007ff83a2b9000 	C:\Windows\SYSTEM32\WSOCK32.dll
0x00007ff843cf0000 - 0x00007ff843d13000 	C:\Windows\SYSTEM32\WINMM.dll
0x00007ff848a90000 - 0x00007ff848afb000 	C:\Windows\system32\WS2_32.dll
0x00007ff843c90000 - 0x00007ff843cbc000 	C:\Windows\SYSTEM32\WINMMBASE.dll
0x00007ff838f60000 - 0x00007ff838f6a000 	C:\Program Files\Java\jdk-20\bin\jimage.dll
0x00007ff81d0a0000 - 0x00007ff81d22c000 	C:\Windows\SYSTEM32\DBGHELP.DLL
0x00007ff835240000 - 0x00007ff835265000 	C:\Windows\SYSTEM32\dbgcore.DLL
0x00007ff83ea70000 - 0x00007ff83ea7e000 	C:\Program Files\Java\jdk-20\bin\instrument.dll
0x00007ff838f30000 - 0x00007ff838f56000 	C:\Program Files\Java\jdk-20\bin\java.dll
0x00007ff818790000 - 0x00007ff818867000 	C:\Program Files\Java\jdk-20\bin\jsvml.dll
0x00007ff838f10000 - 0x00007ff838f23000 	C:\Program Files\Java\jdk-20\bin\net.dll
0x00007ff83fe50000 - 0x00007ff83ff17000 	C:\Windows\SYSTEM32\WINHTTP.dll
0x00007ff845280000 - 0x00007ff8452dc000 	C:\Windows\system32\mswsock.dll
0x00007ff838ef0000 - 0x00007ff838f06000 	C:\Program Files\Java\jdk-20\bin\nio.dll
0x00007ff832990000 - 0x00007ff8329a8000 	C:\Program Files\Java\jdk-20\bin\zip.dll
0x00007ff83ea50000 - 0x00007ff83ea6a000 	C:\Program Files\JetBrains\IntelliJ IDEA Community Edition 2021.3\bin\breakgen64.dll
0x0000017808860000 - 0x0000017808863000 	C:\Users\Ololo\.openjfx\cache\18.0.1+2\api-ms-win-core-console-l1-1-0.dll
0x0000017808870000 - 0x0000017808873000 	C:\Users\Ololo\.openjfx\cache\18.0.1+2\api-ms-win-core-console-l1-2-0.dll
0x0000017808880000 - 0x0000017808883000 	C:\Users\Ololo\.openjfx\cache\18.0.1+2\api-ms-win-core-datetime-l1-1-0.dll
0x0000017808890000 - 0x0000017808893000 	C:\Users\Ololo\.openjfx\cache\18.0.1+2\api-ms-win-core-debug-l1-1-0.dll
0x00000178088a0000 - 0x00000178088a3000 	C:\Users\Ololo\.openjfx\cache\18.0.1+2\api-ms-win-core-errorhandling-l1-1-0.dll
0x00000178088b0000 - 0x00000178088b4000 	C:\Users\Ololo\.openjfx\cache\18.0.1+2\api-ms-win-core-file-l1-1-0.dll
0x00000178088c0000 - 0x00000178088c3000 	C:\Users\Ololo\.openjfx\cache\18.0.1+2\api-ms-win-core-file-l1-2-0.dll
0x00000178088d0000 - 0x00000178088d3000 	C:\Users\Ololo\.openjfx\cache\18.0.1+2\api-ms-win-core-file-l2-1-0.dll
0x00000178088e0000 - 0x00000178088e3000 	C:\Users\Ololo\.openjfx\cache\18.0.1+2\api-ms-win-core-handle-l1-1-0.dll
0x00000178088f0000 - 0x00000178088f3000 	C:\Users\Ololo\.openjfx\cache\18.0.1+2\api-ms-win-core-heap-l1-1-0.dll
0x0000017808900000 - 0x0000017808903000 	C:\Users\Ololo\.openjfx\cache\18.0.1+2\api-ms-win-core-interlocked-l1-1-0.dll
0x0000017808910000 - 0x0000017808913000 	C:\Users\Ololo\.openjfx\cache\18.0.1+2\api-ms-win-core-libraryloader-l1-1-0.dll
0x0000017824b30000 - 0x0000017824b33000 	C:\Users\Ololo\.openjfx\cache\18.0.1+2\api-ms-win-core-localization-l1-2-0.dll
0x0000017824b40000 - 0x0000017824b43000 	C:\Users\Ololo\.openjfx\cache\18.0.1+2\api-ms-win-core-memory-l1-1-0.dll
0x0000017824b50000 - 0x0000017824b53000 	C:\Users\Ololo\.openjfx\cache\18.0.1+2\api-ms-win-core-namedpipe-l1-1-0.dll
0x0000017824b60000 - 0x0000017824b63000 	C:\Users\Ololo\.openjfx\cache\18.0.1+2\api-ms-win-core-processenvironment-l1-1-0.dll
0x0000017824b70000 - 0x0000017824b73000 	C:\Users\Ololo\.openjfx\cache\18.0.1+2\api-ms-win-core-processthreads-l1-1-0.dll
0x0000017824b80000 - 0x0000017824b83000 	C:\Users\Ololo\.openjfx\cache\18.0.1+2\api-ms-win-core-processthreads-l1-1-1.dll
0x0000017824b90000 - 0x0000017824b93000 	C:\Users\Ololo\.openjfx\cache\18.0.1+2\api-ms-win-core-profile-l1-1-0.dll
0x0000017824ba0000 - 0x0000017824ba3000 	C:\Users\Ololo\.openjfx\cache\18.0.1+2\api-ms-win-core-rtlsupport-l1-1-0.dll
0x0000017824bb0000 - 0x0000017824bb3000 	C:\Users\Ololo\.openjfx\cache\18.0.1+2\api-ms-win-core-string-l1-1-0.dll
0x0000017824bc0000 - 0x0000017824bc3000 	C:\Users\Ololo\.openjfx\cache\18.0.1+2\api-ms-win-core-synch-l1-1-0.dll
0x0000017824bd0000 - 0x0000017824bd3000 	C:\Users\Ololo\.openjfx\cache\18.0.1+2\api-ms-win-core-synch-l1-2-0.dll
0x0000017824be0000 - 0x0000017824be3000 	C:\Users\Ololo\.openjfx\cache\18.0.1+2\api-ms-win-core-sysinfo-l1-1-0.dll
0x0000017824bf0000 - 0x0000017824bf3000 	C:\Users\Ololo\.openjfx\cache\18.0.1+2\api-ms-win-core-timezone-l1-1-0.dll
0x000001786a9f0000 - 0x000001786a9f3000 	C:\Users\Ololo\.openjfx\cache\18.0.1+2\api-ms-win-core-util-l1-1-0.dll
0x000001786aa00000 - 0x000001786aa03000 	C:\Users\Ololo\.openjfx\cache\18.0.1+2\api-ms-win-crt-conio-l1-1-0.dll
0x000001786aa10000 - 0x000001786aa14000 	C:\Users\Ololo\.openjfx\cache\18.0.1+2\api-ms-win-crt-convert-l1-1-0.dll
0x000001786aa20000 - 0x000001786aa23000 	C:\Users\Ololo\.openjfx\cache\18.0.1+2\api-ms-win-crt-environment-l1-1-0.dll
0x000001786aa30000 - 0x000001786aa33000 	C:\Users\Ololo\.openjfx\cache\18.0.1+2\api-ms-win-crt-filesystem-l1-1-0.dll
0x000001786aa40000 - 0x000001786aa43000 	C:\Users\Ololo\.openjfx\cache\18.0.1+2\api-ms-win-crt-heap-l1-1-0.dll
0x000001786aa50000 - 0x000001786aa53000 	C:\Users\Ololo\.openjfx\cache\18.0.1+2\api-ms-win-crt-locale-l1-1-0.dll
0x000001786aa60000 - 0x000001786aa65000 	C:\Users\Ololo\.openjfx\cache\18.0.1+2\api-ms-win-crt-math-l1-1-0.dll
0x000001786aa70000 - 0x000001786aa75000 	C:\Users\Ololo\.openjfx\cache\18.0.1+2\api-ms-win-crt-multibyte-l1-1-0.dll
0x000001786aa80000 - 0x000001786aa90000 	C:\Users\Ololo\.openjfx\cache\18.0.1+2\api-ms-win-crt-private-l1-1-0.dll
0x000001786aa90000 - 0x000001786aa93000 	C:\Users\Ololo\.openjfx\cache\18.0.1+2\api-ms-win-crt-process-l1-1-0.dll
0x000001786aaa0000 - 0x000001786aaa4000 	C:\Users\Ololo\.openjfx\cache\18.0.1+2\api-ms-win-crt-runtime-l1-1-0.dll
0x000001786aab0000 - 0x000001786aab4000 	C:\Users\Ololo\.openjfx\cache\18.0.1+2\api-ms-win-crt-stdio-l1-1-0.dll
0x000001786aac0000 - 0x000001786aac4000 	C:\Users\Ololo\.openjfx\cache\18.0.1+2\api-ms-win-crt-string-l1-1-0.dll
0x000001786aad0000 - 0x000001786aad3000 	C:\Users\Ololo\.openjfx\cache\18.0.1+2\api-ms-win-crt-time-l1-1-0.dll
0x000001786aae0000 - 0x000001786aae3000 	C:\Users\Ololo\.openjfx\cache\18.0.1+2\api-ms-win-crt-utility-l1-1-0.dll
0x00007ff83e950000 - 0x00007ff83ea4c000 	C:\Users\Ololo\.openjfx\cache\18.0.1+2\ucrtbase.dll
0x00007ff83e930000 - 0x00007ff83e94a000 	C:\Users\Ololo\.openjfx\cache\18.0.1+2\vcruntime140.dll
0x00007ff83e900000 - 0x00007ff83e90c000 	C:\Users\Ololo\.openjfx\cache\18.0.1+2\vcruntime140_1.dll
0x00007ff83b140000 - 0x00007ff83b1cd000 	C:\Users\Ololo\.openjfx\cache\18.0.1+2\msvcp140.dll
0x00007ff83dff0000 - 0x00007ff83e01c000 	C:\Users\Ololo\.openjfx\cache\18.0.1+2\prism_d3d.dll
0x00007ff83ef90000 - 0x00007ff83f1a0000 	C:\Windows\system32\d3d9.dll
0x00007ff843c10000 - 0x00007ff843c32000 	C:\Windows\SYSTEM32\dwmapi.dll
0x00007ff8444a0000 - 0x00007ff844536000 	C:\Windows\system32\uxtheme.dll
0x00007ff839f80000 - 0x00007ff839fc2000 	C:\Users\Ololo\.openjfx\cache\18.0.1+2\glass.dll
0x00007ff848980000 - 0x00007ff848a8b000 	C:\Windows\system32\COMDLG32.dll
0x00007ff845ab0000 - 0x00007ff845b36000 	C:\Windows\system32\FirewallAPI.dll
0x00007ff845da0000 - 0x00007ff845db7000 	C:\Windows\system32\NETAPI32.dll
0x00007ff846ec0000 - 0x00007ff847003000 	C:\Windows\system32\ole32.dll
0x00007ff846bb0000 - 0x00007ff846c76000 	C:\Windows\system32\OLEAUT32.dll
0x00007ff83a800000 - 0x00007ff83a80c000 	C:\Windows\SYSTEM32\DAVHLPR.DLL
0x00007ff8447f0000 - 0x00007ff844822000 	C:\Windows\SYSTEM32\fwbase.dll
0x00007ff846a50000 - 0x00007ff846baa000 	C:\Windows\system32\MSCTF.dll
0x00007ff840060000 - 0x00007ff84014c000 	C:\Program Files (x86)\NVIDIA Corporation\3D Vision\nvSCPAPI64.dll
0x00007ff848f10000 - 0x00007ff849339000 	C:\Windows\system32\SETUPAPI.dll
0x00007ff846ce0000 - 0x00007ff846ce8000 	C:\Windows\system32\PSAPI.DLL
0x00007ff8465d0000 - 0x00007ff846798000 	C:\Windows\system32\crypt32.dll
0x00007ff845a80000 - 0x00007ff845a90000 	C:\Windows\system32\MSASN1.dll
0x00007ff8467a0000 - 0x00007ff8467f5000 	C:\Windows\system32\WINTRUST.DLL
0x00007ff848ce0000 - 0x00007ff848cfc000 	C:\Windows\system32\imagehlp.dll
0x00007ff845330000 - 0x00007ff845347000 	C:\Windows\SYSTEM32\CRYPTSP.dll
0x00007ff844fc0000 - 0x00007ff844ff4000 	C:\Windows\system32\rsaenh.dll
0x00007ff845950000 - 0x00007ff845979000 	C:\Windows\SYSTEM32\bcrypt.dll
0x00007ff845450000 - 0x00007ff84545b000 	C:\Windows\SYSTEM32\CRYPTBASE.dll

dbghelp: loaded successfully - version: 4.0.5 - missing functions: none
symbol engine: initialized successfully - sym options: 0x614 - pdb path: .;C:\Program Files\Java\jdk-20\bin;C:\Windows\SYSTEM32;C:\Windows\WinSxS\amd64_microsoft.windows.common-controls_6595b64144ccf1df_6.0.10586.839_none_a2ddba30a539a2ae;C:\Program Files (x86)\360\Total Security\safemon;C:\Program Files\Java\jdk-20\bin\server;C:\Program Files\JetBrains\IntelliJ IDEA Community Edition 2021.3\bin;C:\Users\Ololo\.openjfx\cache\18.0.1+2;C:\Program Files (x86)\NVIDIA Corporation\3D Vision

VM Arguments:
jvm_args: -javaagent:C:\Program Files\JetBrains\IntelliJ IDEA Community Edition 2021.3\lib\idea_rt.jar=61304:C:\Program Files\JetBrains\IntelliJ IDEA Community Edition 2021.3\bin -Dfile.encoding=UTF-8 --module-path=C:\Users\Ololo\.m2\repository\org\openjfx\javafx-controls\18.0.1\javafx-controls-18.0.1-win.jar;C:\Users\Ololo\IdeaProjects\3sem\CGVSU-main\Task2\ProtoCurveFXApp\target\classes;C:\Users\Ololo\.m2\repository\org\openjfx\javafx-fxml\18.0.1\javafx-fxml-18.0.1-win.jar;C:\Users\Ololo\.m2\repository\org\openjfx\javafx-base\18.0.1\javafx-base-18.0.1-win.jar;C:\Users\Ololo\.m2\repository\org\openjfx\javafx-graphics\18.0.1\javafx-graphics-18.0.1-win.jar -Djdk.module.main=com.cgvsu.rasterizationfxapp 
java_command: com.cgvsu.rasterizationfxapp/com.cgvsu.protocurvefxapp.Main
java_class_path (initial): C:\Users\Ololo\.m2\repository\org\openjfx\javafx-controls\18.0.1\javafx-controls-18.0.1.jar;C:\Users\Ololo\.m2\repository\org\openjfx\javafx-graphics\18.0.1\javafx-graphics-18.0.1.jar;C:\Users\Ololo\.m2\repository\org\openjfx\javafx-base\18.0.1\javafx-base-18.0.1.jar;C:\Users\Ololo\.m2\repository\org\openjfx\javafx-fxml\18.0.1\javafx-fxml-18.0.1.jar
Launcher Type: SUN_STANDARD

[Global flags]
     intx CICompilerCount                          = 3                                         {product} {ergonomic}
     uint ConcGCThreads                            = 1                                         {product} {ergonomic}
     uint G1ConcRefinementThreads                  = 4                                         {product} {ergonomic}
   size_t G1HeapRegionSize                         = 1048576                                   {product} {ergonomic}
    uintx GCDrainStackTargetSize                   = 64                                        {product} {ergonomic}
   size_t InitialHeapSize                          = 134217728                                 {product} {ergonomic}
   size_t MarkStackSize                            = 4194304                                   {product} {ergonomic}
   size_t MaxHeapSize                              = 2134900736                                {product} {ergonomic}
   size_t MaxNewSize                               = 1280311296                                {product} {ergonomic}
   size_t MinHeapDeltaBytes                        = 1048576                                   {product} {ergonomic}
   size_t MinHeapSize                              = 8388608                                   {product} {ergonomic}
    uintx NonNMethodCodeHeapSize                   = 5832780                                {pd product} {ergonomic}
    uintx NonProfiledCodeHeapSize                  = 122912730                              {pd product} {ergonomic}
    uintx ProfiledCodeHeapSize                     = 122912730                              {pd product} {ergonomic}
    uintx ReservedCodeCacheSize                    = 251658240                              {pd product} {ergonomic}
     bool SegmentedCodeCache                       = true                                      {product} {ergonomic}
   size_t SoftMaxHeapSize                          = 2134900736                             {manageable} {ergonomic}
     bool UseCompressedClassPointers               = true                           {product lp64_product} {ergonomic}
     bool UseCompressedOops                        = true                           {product lp64_product} {ergonomic}
     bool UseG1GC                                  = true                                      {product} {ergonomic}
     bool UseLargePagesIndividualAllocation        = false                                  {pd product} {ergonomic}

Logging:
Log output configuration:
 #0: stdout all=warning uptime,level,tags foldmultilines=false
 #1: stderr all=off uptime,level,tags foldmultilines=false

Environment Variables:
PATH=C:\Program Files\Common Files\Oracle\Java\javapath;C:\Program Files (x86)\Common Files\Oracle\Java\javapath;C:\Windows\system32;C:\Windows;C:\Windows\System32\Wbem;C:\Windows\System32\WindowsPowerShell\v1.0\;C:\Program Files\Java\jdk1.8.0_231\bin;C:\mingw64\bin;C:\Users\Ololo\VSCodeProjects\php8;C:\Program Files\PuTTY\;C:\Program Files\Git\cmd;C:\Users\Ololo\anaconda3;C:\Users\Ololo\anaconda3\Library\mingw-w64\bin;C:\Users\Ololo\anaconda3\Library\usr\bin;C:\Users\Ololo\anaconda3\Library\bin;C:\Users\Ololo\anaconda3\Scripts;C:\Users\Ololo\AppData\Local\Programs\Python\Python38-32\Scripts\;C:\Users\Ololo\AppData\Local\Programs\Python\Python38-32\;C:\Program Files\JetBrains\PyCharm Community Edition 2020.3.3\bin;;C:\Program Files\heroku\bin;C:\Program Files\JetBrains\IntelliJ IDEA 2023.2.1\bin;;C:\Program Files\JetBrains\IntelliJ IDEA Community Edition 2021.3\bin;;C:\Program Files\Java\jdk1.8.0_231\bin;C:\Users\Ololo\AppData\Local\Programs\Microsoft VS Code\bin
USERNAME=Ololo
OS=Windows_NT
PROCESSOR_IDENTIFIER=Intel64 Family 6 Model 158 Stepping 11, GenuineIntel
TMP=C:\Users\Ololo\AppData\Local\Temp
TEMP=C:\Users\Ololo\AppData\Local\Temp




---------------  S Y S T E M  ---------------

OS:
 Windows 10 , 64 bit Build 10586 (10.0.10586.589)
OS uptime: 1 days 8:20 hours

CPU: total 4 (initial active 4) (4 cores per cpu, 1 threads per core) family 6 model 158 stepping 11 microcode 0xb4, cx8, cmov, fxsr, mmx, 3dnowpref, sse, sse2, sse3, ssse3, sse4.1, sse4.2, popcnt, lzcnt, tsc, tscinvbit, avx, avx2, aes, erms, clmul, bmi1, bmi2, adx, fma, vzeroupper, clflush, clflushopt, rdtscp, f16c

Memory: 4k page, system-wide physical 8140M (1165M free)
TotalPageFile size 9622M (AvailPageFile size 1771M)
current process WorkingSet (physical memory assigned to process): 75M, peak: 80M
current process commit charge ("private bytes"): 229M, peak: 235M

vm_info: Java HotSpot(TM) 64-Bit Server VM (20.0.2+9-78) for windows-amd64 JRE (20.0.2+9-78), built on 2023-06-14T10:08:48Z by "mach5one" with MS VC++ 17.1 (VS2022)

END.
